
[INFO ] 2024-03-19 15:39:50.595 [main] JavaSelenium: C:\Users\archie\eclipse-workspace\JavaSE
[INFO ] 2024-03-19 15:39:52.850 [main] JavaSelenium: -- HandleInputandRadio --
[INFO ] 2024-03-19 15:39:58.979 [main] JavaSelenium: true
[INFO ] 2024-03-19 15:39:59.005 [main] JavaSelenium: true
[INFO ] 2024-03-19 15:39:59.031 [main] JavaSelenium: Current value: 
[INFO ] 2024-03-19 15:39:59.297 [main] JavaSelenium: Updated value: John
[INFO ] 2024-03-19 15:39:59.505 [main] JavaSelenium: Radiobutton false
[INFO ] 2024-03-19 15:39:59.650 [main] JavaSelenium: true
[INFO ] 2024-03-19 15:39:59.666 [main] JavaSelenium: false
[INFO ] 2024-03-19 15:39:59.768 [main] JavaSelenium: true
[INFO ] 2024-03-19 15:39:59.897 [main] JavaSelenium: Checkbox false
[INFO ] 2024-03-19 15:39:59.988 [main] JavaSelenium: true
[INFO ] 2024-03-19 15:40:00.004 [main] JavaSelenium: false
[INFO ] 2024-03-19 15:40:00.102 [main] JavaSelenium: true
[INFO ] 2024-03-19 15:40:02.367 [main] JavaSelenium: -- HandleDropdown --
[INFO ] 2024-03-19 15:40:19.387 [main] JavaSelenium: india
[INFO ] 2024-03-19 15:40:19.468 [main] JavaSelenium: australia
[INFO ] 2024-03-19 15:40:19.468 [main] JavaSelenium: -- HandleMultiDropdown --
[INFO ] 2024-03-19 15:40:25.264 [main] JavaSelenium: Numer of options: 5
[INFO ] 2024-03-19 15:40:25.362 [main] JavaSelenium: Value: Red
[INFO ] 2024-03-19 15:40:25.378 [main] JavaSelenium: Value: Blue
[INFO ] 2024-03-19 15:40:25.391 [main] JavaSelenium: Value: Green
[INFO ] 2024-03-19 15:40:25.403 [main] JavaSelenium: Value: White
[INFO ] 2024-03-19 15:40:25.404 [main] JavaSelenium: -- HandleBootstrapDropdown --
[INFO ] 2024-03-19 15:40:27.759 [main] JavaSelenium: Numer of options: 11
[INFO ] 2024-03-19 15:40:27.880 [main] JavaSelenium: HTML
[INFO ] 2024-03-19 15:40:27.980 [main] JavaSelenium: false
[INFO ] 2024-03-19 15:40:28.000 [main] JavaSelenium: CSS
[INFO ] 2024-03-19 15:40:28.082 [main] JavaSelenium: false
[INFO ] 2024-03-19 15:40:28.102 [main] JavaSelenium: Angular
[INFO ] 2024-03-19 15:40:28.170 [main] JavaSelenium: true
[INFO ] 2024-03-19 15:40:28.190 [main] JavaSelenium: Java
[INFO ] 2024-03-19 15:40:28.256 [main] JavaSelenium: true
[INFO ] 2024-03-19 15:40:28.304 [main] JavaSelenium: -- HandleAutoSuggestion --
[INFO ] 2024-03-19 15:40:33.007 [main] JavaSelenium: Number of options:20
[INFO ] 2024-03-19 15:40:33.031 [main] JavaSelenium: Delhi
[INFO ] 2024-03-19 15:40:33.043 [main] JavaSelenium: ISBT Kashmiri Gate
[INFO ] 2024-03-19 15:40:33.056 [main] JavaSelenium: Indira Gandhi International Airport
[INFO ] 2024-03-19 15:40:33.070 [main] JavaSelenium: Akshardham Metro Station
[INFO ] 2024-03-19 15:40:33.085 [main] JavaSelenium: Badarpur
[INFO ] 2024-03-19 15:40:33.100 [main] JavaSelenium: Mayur Vihar
[INFO ] 2024-03-19 15:40:33.113 [main] JavaSelenium: Dhaula Kuan
[INFO ] 2024-03-19 15:40:33.129 [main] JavaSelenium: Majnu Ka Tilla
[INFO ] 2024-03-19 15:40:33.146 [main] JavaSelenium: Morigate
[INFO ] 2024-03-19 15:40:33.165 [main] JavaSelenium: RK Ashram
[INFO ] 2024-03-19 15:40:33.326 [main] JavaSelenium: -- HandleHiddenItems --
[INFO ] 2024-03-19 15:40:38.682 [main] JavaSelenium: -- HandleDialogAlerts --
[INFO ] 2024-03-19 15:40:43.171 [main] JavaSelenium: I am an alert box!
[INFO ] 2024-03-19 15:40:45.263 [main] JavaSelenium: Press a button!
[INFO ] 2024-03-19 15:40:47.342 [main] JavaSelenium: Please enter your name:
[INFO ] 2024-03-19 15:40:49.366 [main] JavaSelenium: Hello JavaSE! How are you today?
[INFO ] 2024-03-19 15:40:49.366 [main] JavaSelenium: 1. Click Alert button!!
[INFO ] 2024-03-19 15:40:52.925 [main] JavaSelenium: I am an alert box!
[INFO ] 2024-03-19 15:40:54.931 [main] JavaSelenium: 2. Click Confirm button!!
[INFO ] 2024-03-19 15:40:56.965 [main] JavaSelenium: Press a button!
[INFO ] 2024-03-19 15:40:58.983 [main] JavaSelenium: -- HandleFramesiFrames --
[INFO ] 2024-03-19 15:41:02.333 [main] JavaSelenium: Number of frames: 5
[INFO ] 2024-03-19 15:41:05.260 [main] JavaSelenium: -- HandleWebTablePagination --
[INFO ] 2024-03-19 15:41:07.837 [main] JavaSelenium: Number of columns: 4
[INFO ] 2024-03-19 15:41:07.838 [main] JavaSelenium: Number of rows: 5
[INFO ] 2024-03-19 15:41:08.160 [main] JavaSelenium: [1, Product 1, $10.99, ]
[INFO ] 2024-03-19 15:41:08.217 [main] JavaSelenium: [1, Product 1, $10.99, , 2, Product 2, $19.99, ]
[INFO ] 2024-03-19 15:41:08.266 [main] JavaSelenium: [1, Product 1, $10.99, , 2, Product 2, $19.99, , 3, Product 3, $5.99, ]
[INFO ] 2024-03-19 15:41:08.318 [main] JavaSelenium: [1, Product 1, $10.99, , 2, Product 2, $19.99, , 3, Product 3, $5.99, , 4, Product 4, $7.99, ]
[INFO ] 2024-03-19 15:41:08.368 [main] JavaSelenium: [1, Product 1, $10.99, , 2, Product 2, $19.99, , 3, Product 3, $5.99, , 4, Product 4, $7.99, , 5, Product 5, $8.99, ]
[INFO ] 2024-03-19 15:41:08.404 [main] JavaSelenium: 1
[INFO ] 2024-03-19 15:41:08.500 [main] JavaSelenium: 1 Product 1 $10.99
[INFO ] 2024-03-19 15:41:08.517 [main] JavaSelenium: 2 Product 2 $19.99
[INFO ] 2024-03-19 15:41:08.533 [main] JavaSelenium: 3 Product 3 $5.99
[INFO ] 2024-03-19 15:41:08.550 [main] JavaSelenium: 4 Product 4 $7.99
[INFO ] 2024-03-19 15:41:08.568 [main] JavaSelenium: 5 Product 5 $8.99
[INFO ] 2024-03-19 15:41:08.582 [main] JavaSelenium: 2
[INFO ] 2024-03-19 15:41:08.665 [main] JavaSelenium: 6 Product 6 $9.99
[INFO ] 2024-03-19 15:41:08.683 [main] JavaSelenium: 7 Product 7 $20.99
[INFO ] 2024-03-19 15:41:08.701 [main] JavaSelenium: 8 Product 8 $15.99
[INFO ] 2024-03-19 15:41:08.717 [main] JavaSelenium: 9 Product 9 $5.99
[INFO ] 2024-03-19 15:41:08.736 [main] JavaSelenium: 10 Product 10 $16.99
[INFO ] 2024-03-19 15:41:08.750 [main] JavaSelenium: 3
[INFO ] 2024-03-19 15:41:08.832 [main] JavaSelenium: 11 Product 11 $20.99
[INFO ] 2024-03-19 15:41:08.855 [main] JavaSelenium: 12 Product 12 $24.99
[INFO ] 2024-03-19 15:41:08.874 [main] JavaSelenium: 13 Product 13 $30.99
[INFO ] 2024-03-19 15:41:08.890 [main] JavaSelenium: 14 Product 14 $19.99
[INFO ] 2024-03-19 15:41:08.913 [main] JavaSelenium: 15 Product 15 $2.99
[INFO ] 2024-03-19 15:41:08.927 [main] JavaSelenium: 4
[INFO ] 2024-03-19 15:41:09.004 [main] JavaSelenium: 16 Product 16 $10.99
[INFO ] 2024-03-19 15:41:09.020 [main] JavaSelenium: 17 Product 17 $11.99
[INFO ] 2024-03-19 15:41:09.039 [main] JavaSelenium: 18 Product 18 $13.99
[INFO ] 2024-03-19 15:41:09.059 [main] JavaSelenium: 19 Product 19 $16.99
[INFO ] 2024-03-19 15:41:09.076 [main] JavaSelenium: 20 Product 20 $17.99
[INFO ] 2024-03-19 15:41:09.076 [main] JavaSelenium: -- HandleDatePickers --
[INFO ] 2024-03-19 15:41:18.372 [main] JavaSelenium: -- HandleMouseActions --
[INFO ] 2024-03-19 15:41:34.157 [main] JavaSelenium: Text is: Hello World!
[INFO ] 2024-03-19 15:41:34.197 [main] JavaSelenium: Text is: Hello World!
[INFO ] 2024-03-19 15:41:34.506 [main] JavaSelenium: -- HandleKeyboardActions --
[INFO ] 2024-03-19 15:41:42.230 [main] JavaSelenium: -- HandleUploadFiles --
[WARN ] 2024-03-19 15:41:55.529 [main] JavaSelenium: -- [TIMEOUT] --
[INFO ] 2024-03-19 15:41:57.150 [main] JavaSelenium: "No Files Selected" = No Files Selected
[INFO ] 2024-03-19 15:41:57.587 [main] JavaSelenium: "sample1.txt" = sample1.txt
[INFO ] 2024-03-19 15:41:57.607 [main] JavaSelenium: "sample2.txt" = sample2.txt
[INFO ] 2024-03-19 15:41:57.608 [main] JavaSelenium: -- HandlePagesWindows --
[INFO ] 2024-03-19 15:41:59.256 [main] JavaSelenium: OrangeHRM
[INFO ] 2024-03-19 15:42:04.992 [main] JavaSelenium: Human Resources Management Software | OrangeHRM
[INFO ] 2024-03-19 15:42:07.929 [main] JavaSelenium: Google
[INFO ] 2024-03-19 15:42:10.008 [main] JavaSelenium: Original Window: D3FD2E4C5CF6E3342BD07875FDEEEAAC
[INFO ] 2024-03-19 15:42:10.009 [main] JavaSelenium: Tab Window: D2C0097FBC6AC4814DA7188BF73487FC
[INFO ] 2024-03-19 15:42:10.009 [main] JavaSelenium: New Window: 0920609FC0D0D5193EA299BB83C8EE62
[INFO ] 2024-03-19 15:42:10.013 [main] JavaSelenium: Number of Window(s): 2
[INFO ] 2024-03-19 15:42:13.112 [main] JavaSelenium: -- HandleMultiplePagesWindows --
[INFO ] 2024-03-19 15:42:14.782 [main] JavaSelenium: OrangeHRM
[INFO ] 2024-03-19 15:42:19.319 [main] JavaSelenium: Human Resources Management Software | OrangeHRM
[INFO ] 2024-03-19 15:42:20.526 [main] JavaSelenium: Google
[INFO ] 2024-03-19 15:42:20.530 [main] JavaSelenium: Original Window: D3FD2E4C5CF6E3342BD07875FDEEEAAC
[INFO ] 2024-03-19 15:42:20.530 [main] JavaSelenium: Tab Window: CB1A37AC06EFC96FDE34E23E4E98C59F
[INFO ] 2024-03-19 15:42:20.530 [main] JavaSelenium: New Window: 155E93F8A4EBC23F05D17231638EBFEF
[INFO ] 2024-03-19 15:42:20.534 [main] JavaSelenium: Number of Window(s): 3
[INFO ] 2024-03-19 15:42:21.475 [main] JavaSelenium: -- HandleCaptureScreen --
[INFO ] 2024-03-19 15:42:24.336 [main] JavaSelenium: Directory already exists
[INFO ] 2024-03-19 15:42:24.337 [main] JavaSelenium: ./captures/window_20240319 154224.png
[INFO ] 2024-03-19 15:42:24.621 [main] JavaSelenium: ./captures/element_20240319 154224.png
[INFO ] 2024-03-19 15:42:24.737 [main] JavaSelenium: -- HandleUsingClass --
[INFO ] 2024-03-19 15:42:24.738 [main] JavaSelenium: 55
[INFO ] 2024-03-19 15:48:14.745 [main] JavaSelenium: C:\Users\archie\eclipse-workspace\JavaSE
[INFO ] 2024-03-19 15:48:17.131 [main] JavaSelenium: -- HandleInputandRadio --
[INFO ] 2024-03-19 15:48:22.675 [main] JavaSelenium: true
[INFO ] 2024-03-19 15:48:22.696 [main] JavaSelenium: true
[INFO ] 2024-03-19 15:48:22.719 [main] JavaSelenium: Current value: 
[INFO ] 2024-03-19 15:48:23.402 [main] JavaSelenium: Updated value: John
[INFO ] 2024-03-19 15:48:23.604 [main] JavaSelenium: Radiobutton false
[INFO ] 2024-03-19 15:48:23.776 [main] JavaSelenium: true
[INFO ] 2024-03-19 15:48:23.795 [main] JavaSelenium: false
[INFO ] 2024-03-19 15:48:23.927 [main] JavaSelenium: true
[INFO ] 2024-03-19 15:48:24.087 [main] JavaSelenium: Checkbox false
[INFO ] 2024-03-19 15:48:24.187 [main] JavaSelenium: true
[INFO ] 2024-03-19 15:48:24.205 [main] JavaSelenium: false
[INFO ] 2024-03-19 15:48:24.311 [main] JavaSelenium: true
[INFO ] 2024-03-19 15:48:26.634 [main] JavaSelenium: -- HandleDropdown --
[INFO ] 2024-03-19 15:48:33.917 [main] JavaSelenium: india
[INFO ] 2024-03-19 15:48:33.997 [main] JavaSelenium: australia
[INFO ] 2024-03-19 15:48:33.997 [main] JavaSelenium: -- HandleMultiDropdown --
[INFO ] 2024-03-19 15:48:39.762 [main] JavaSelenium: Numer of options: 5
[INFO ] 2024-03-19 15:48:39.858 [main] JavaSelenium: Value: Red
[INFO ] 2024-03-19 15:48:39.873 [main] JavaSelenium: Value: Blue
[INFO ] 2024-03-19 15:48:39.891 [main] JavaSelenium: Value: Green
[INFO ] 2024-03-19 15:48:39.910 [main] JavaSelenium: Value: White
[INFO ] 2024-03-19 15:48:39.910 [main] JavaSelenium: -- HandleBootstrapDropdown --
[INFO ] 2024-03-19 15:48:42.001 [main] JavaSelenium: Numer of options: 11
[INFO ] 2024-03-19 15:48:42.136 [main] JavaSelenium: HTML
[INFO ] 2024-03-19 15:48:42.235 [main] JavaSelenium: false
[INFO ] 2024-03-19 15:48:42.259 [main] JavaSelenium: CSS
[INFO ] 2024-03-19 15:48:42.343 [main] JavaSelenium: false
[INFO ] 2024-03-19 15:48:42.363 [main] JavaSelenium: Angular
[INFO ] 2024-03-19 15:48:42.432 [main] JavaSelenium: true
[INFO ] 2024-03-19 15:48:42.452 [main] JavaSelenium: Java
[INFO ] 2024-03-19 15:48:42.520 [main] JavaSelenium: true
[INFO ] 2024-03-19 15:48:42.569 [main] JavaSelenium: -- HandleAutoSuggestion --
[INFO ] 2024-03-19 15:48:50.783 [main] JavaSelenium: Number of options:20
[INFO ] 2024-03-19 15:48:50.806 [main] JavaSelenium: Delhi
[INFO ] 2024-03-19 15:48:50.819 [main] JavaSelenium: ISBT Kashmiri Gate
[INFO ] 2024-03-19 15:48:50.833 [main] JavaSelenium: Indira Gandhi International Airport
[INFO ] 2024-03-19 15:48:50.846 [main] JavaSelenium: Akshardham Metro Station
[INFO ] 2024-03-19 15:48:50.860 [main] JavaSelenium: Badarpur
[INFO ] 2024-03-19 15:48:50.874 [main] JavaSelenium: Mayur Vihar
[INFO ] 2024-03-19 15:48:50.893 [main] JavaSelenium: Dhaula Kuan
[INFO ] 2024-03-19 15:48:50.911 [main] JavaSelenium: Majnu Ka Tilla
[INFO ] 2024-03-19 15:48:50.928 [main] JavaSelenium: Morigate
[INFO ] 2024-03-19 15:48:50.942 [main] JavaSelenium: RK Ashram
[INFO ] 2024-03-19 15:48:51.100 [main] JavaSelenium: -- HandleHiddenItems --
[INFO ] 2024-03-19 15:48:56.314 [main] JavaSelenium: -- HandleDialogAlerts --
[INFO ] 2024-03-19 15:49:00.785 [main] JavaSelenium: I am an alert box!
[INFO ] 2024-03-19 15:49:02.873 [main] JavaSelenium: Press a button!
[INFO ] 2024-03-19 15:49:04.965 [main] JavaSelenium: Please enter your name:
[INFO ] 2024-03-19 15:49:06.997 [main] JavaSelenium: Hello JavaSE! How are you today?
[INFO ] 2024-03-19 15:49:06.998 [main] JavaSelenium: 1. Click Alert button!!
[INFO ] 2024-03-19 15:49:16.140 [main] JavaSelenium: I am an alert box!
[INFO ] 2024-03-19 15:49:18.159 [main] JavaSelenium: 2. Click Confirm button!!
[INFO ] 2024-03-19 15:49:20.196 [main] JavaSelenium: Press a button!
[INFO ] 2024-03-19 15:49:22.216 [main] JavaSelenium: -- HandleFramesiFrames --
[INFO ] 2024-03-19 15:49:25.353 [main] JavaSelenium: Number of frames: 5
[INFO ] 2024-03-19 15:49:28.225 [main] JavaSelenium: -- HandleWebTablePagination --
[INFO ] 2024-03-19 15:49:30.964 [main] JavaSelenium: Number of columns: 4
[INFO ] 2024-03-19 15:49:30.965 [main] JavaSelenium: Number of rows: 5
[INFO ] 2024-03-19 15:49:31.279 [main] JavaSelenium: [1, Product 1, $10.99, ]
[INFO ] 2024-03-19 15:49:31.330 [main] JavaSelenium: [1, Product 1, $10.99, , 2, Product 2, $19.99, ]
[INFO ] 2024-03-19 15:49:31.380 [main] JavaSelenium: [1, Product 1, $10.99, , 2, Product 2, $19.99, , 3, Product 3, $5.99, ]
[INFO ] 2024-03-19 15:49:31.427 [main] JavaSelenium: [1, Product 1, $10.99, , 2, Product 2, $19.99, , 3, Product 3, $5.99, , 4, Product 4, $7.99, ]
[INFO ] 2024-03-19 15:49:31.476 [main] JavaSelenium: [1, Product 1, $10.99, , 2, Product 2, $19.99, , 3, Product 3, $5.99, , 4, Product 4, $7.99, , 5, Product 5, $8.99, ]
[INFO ] 2024-03-19 15:49:31.511 [main] JavaSelenium: 1
[INFO ] 2024-03-19 15:49:31.605 [main] JavaSelenium: 1 Product 1 $10.99
[INFO ] 2024-03-19 15:49:31.623 [main] JavaSelenium: 2 Product 2 $19.99
[INFO ] 2024-03-19 15:49:31.638 [main] JavaSelenium: 3 Product 3 $5.99
[INFO ] 2024-03-19 15:49:31.653 [main] JavaSelenium: 4 Product 4 $7.99
[INFO ] 2024-03-19 15:49:31.672 [main] JavaSelenium: 5 Product 5 $8.99
[INFO ] 2024-03-19 15:49:31.687 [main] JavaSelenium: 2
[INFO ] 2024-03-19 15:49:31.773 [main] JavaSelenium: 6 Product 6 $9.99
[INFO ] 2024-03-19 15:49:31.790 [main] JavaSelenium: 7 Product 7 $20.99
[INFO ] 2024-03-19 15:49:31.807 [main] JavaSelenium: 8 Product 8 $15.99
[INFO ] 2024-03-19 15:49:31.825 [main] JavaSelenium: 9 Product 9 $5.99
[INFO ] 2024-03-19 15:49:31.845 [main] JavaSelenium: 10 Product 10 $16.99
[INFO ] 2024-03-19 15:49:31.860 [main] JavaSelenium: 3
[INFO ] 2024-03-19 15:49:31.948 [main] JavaSelenium: 11 Product 11 $20.99
[INFO ] 2024-03-19 15:49:31.970 [main] JavaSelenium: 12 Product 12 $24.99
[INFO ] 2024-03-19 15:49:31.986 [main] JavaSelenium: 13 Product 13 $30.99
[INFO ] 2024-03-19 15:49:32.004 [main] JavaSelenium: 14 Product 14 $19.99
[INFO ] 2024-03-19 15:49:32.023 [main] JavaSelenium: 15 Product 15 $2.99
[INFO ] 2024-03-19 15:49:32.037 [main] JavaSelenium: 4
[INFO ] 2024-03-19 15:49:32.116 [main] JavaSelenium: 16 Product 16 $10.99
[INFO ] 2024-03-19 15:49:32.134 [main] JavaSelenium: 17 Product 17 $11.99
[INFO ] 2024-03-19 15:49:32.149 [main] JavaSelenium: 18 Product 18 $13.99
[INFO ] 2024-03-19 15:49:32.165 [main] JavaSelenium: 19 Product 19 $16.99
[INFO ] 2024-03-19 15:49:32.181 [main] JavaSelenium: 20 Product 20 $17.99
[INFO ] 2024-03-19 15:49:32.181 [main] JavaSelenium: -- HandleDatePickers --
[INFO ] 2024-03-19 15:49:41.262 [main] JavaSelenium: -- HandleMouseActions --
[INFO ] 2024-03-19 15:49:56.047 [main] JavaSelenium: Text is: Hello World!
[INFO ] 2024-03-19 15:49:56.086 [main] JavaSelenium: Text is: Hello World!
[INFO ] 2024-03-19 15:49:56.394 [main] JavaSelenium: -- HandleKeyboardActions --
[INFO ] 2024-03-19 15:50:03.263 [main] JavaSelenium: -- HandleUploadFiles --
[WARN ] 2024-03-19 15:50:19.640 [main] JavaSelenium: -- [TIMEOUT] --
[INFO ] 2024-03-19 15:50:21.282 [main] JavaSelenium: "No Files Selected" = No Files Selected
[INFO ] 2024-03-19 15:50:22.026 [main] JavaSelenium: "sample1.txt" = sample1.txt
[INFO ] 2024-03-19 15:50:22.038 [main] JavaSelenium: "sample2.txt" = sample2.txt
[INFO ] 2024-03-19 15:50:22.039 [main] JavaSelenium: -- HandlePagesWindows --
[INFO ] 2024-03-19 15:50:23.684 [main] JavaSelenium: OrangeHRM
[INFO ] 2024-03-19 15:50:29.305 [main] JavaSelenium: Human Resources Management Software | OrangeHRM
[INFO ] 2024-03-19 15:50:31.275 [main] JavaSelenium: Google
[INFO ] 2024-03-19 15:50:33.360 [main] JavaSelenium: Original Window: 85E36417EDBCBE3C5E1A67D4436C3209
[INFO ] 2024-03-19 15:50:33.361 [main] JavaSelenium: Tab Window: 80CD5CF74DED426C17AD5E167788C615
[INFO ] 2024-03-19 15:50:33.361 [main] JavaSelenium: New Window: 9760BB8DEE0A50A95C8ACD171E1BBE92
[INFO ] 2024-03-19 15:50:33.368 [main] JavaSelenium: Number of Window(s): 2
[INFO ] 2024-03-19 15:50:36.471 [main] JavaSelenium: -- HandleMultiplePagesWindows --
[INFO ] 2024-03-19 15:50:38.296 [main] JavaSelenium: OrangeHRM
[INFO ] 2024-03-19 15:50:42.771 [main] JavaSelenium: Human Resources Management Software | OrangeHRM
[INFO ] 2024-03-19 15:50:43.799 [main] JavaSelenium: Google
[INFO ] 2024-03-19 15:50:43.802 [main] JavaSelenium: Original Window: 85E36417EDBCBE3C5E1A67D4436C3209
[INFO ] 2024-03-19 15:50:43.802 [main] JavaSelenium: Tab Window: A7B512ED2319F3F0AE9A3574749FFBC7
[INFO ] 2024-03-19 15:50:43.803 [main] JavaSelenium: New Window: 15B1D76AAFC0060C7216C303D4B788B9
[INFO ] 2024-03-19 15:50:43.807 [main] JavaSelenium: Number of Window(s): 3
[INFO ] 2024-03-19 15:50:44.758 [main] JavaSelenium: -- HandleCaptureScreen --
[INFO ] 2024-03-19 15:50:59.314 [main] JavaSelenium: Directory already exists
[INFO ] 2024-03-19 15:50:59.315 [main] JavaSelenium: ./captures/window_20240319 155059.png
[INFO ] 2024-03-19 15:50:59.590 [main] JavaSelenium: ./captures/element_20240319 155059.png
[INFO ] 2024-03-19 15:50:59.700 [main] JavaSelenium: -- HandleUsingClass --
[INFO ] 2024-03-19 15:50:59.701 [main] JavaSelenium: 55
[INFO ] 2024-03-19 15:50:59.702 [main] JavaSelenium: 0
[INFO ] 2024-03-19 15:50:59.702 [main] JavaSelenium: 1
[INFO ] 2024-03-19 15:50:59.702 [main] JavaSelenium: 2
[INFO ] 2024-03-19 15:50:59.702 [main] JavaSelenium: 3
[INFO ] 2024-03-19 15:50:59.702 [main] JavaSelenium: 4
[INFO ] 2024-03-19 16:04:57.259 [main] JavaSelenium: Start Execution: 2024/03/19 16:04:56
[INFO ] 2024-03-19 16:04:57.263 [main] JavaSelenium: C:\Users\archie\eclipse-workspace\JavaSE
[INFO ] 2024-03-19 16:04:59.493 [main] JavaSelenium: -- HandleInputandRadio --
[INFO ] 2024-03-19 16:05:06.657 [main] JavaSelenium: true
[INFO ] 2024-03-19 16:05:06.677 [main] JavaSelenium: true
[INFO ] 2024-03-19 16:05:06.696 [main] JavaSelenium: Current value: 
[INFO ] 2024-03-19 16:05:06.961 [main] JavaSelenium: Updated value: John
[INFO ] 2024-03-19 16:05:07.110 [main] JavaSelenium: Radiobutton false
[INFO ] 2024-03-19 16:05:07.259 [main] JavaSelenium: true
[INFO ] 2024-03-19 16:05:07.274 [main] JavaSelenium: false
[INFO ] 2024-03-19 16:05:07.382 [main] JavaSelenium: true
[INFO ] 2024-03-19 16:05:07.502 [main] JavaSelenium: Checkbox false
[INFO ] 2024-03-19 16:05:07.582 [main] JavaSelenium: true
[INFO ] 2024-03-19 16:05:07.596 [main] JavaSelenium: false
[INFO ] 2024-03-19 16:05:07.693 [main] JavaSelenium: true
[INFO ] 2024-03-19 16:05:09.941 [main] JavaSelenium: -- HandleUsingClass --
[INFO ] 2024-03-19 16:05:09.942 [main] JavaSelenium: 55
[INFO ] 2024-03-19 16:05:09.942 [main] JavaSelenium: 0
[INFO ] 2024-03-19 16:05:09.943 [main] JavaSelenium: 1
[INFO ] 2024-03-19 16:05:09.943 [main] JavaSelenium: 2
[INFO ] 2024-03-19 16:05:09.943 [main] JavaSelenium: 3
[INFO ] 2024-03-19 16:05:09.943 [main] JavaSelenium: 4
[INFO ] 2024-03-19 16:05:20.270 [main] JavaSelenium: Time Elapsed: 00 hours, 00 mins, 23 seconds, 940 ms
[INFO ] 2024-03-20 08:53:55.080 [main] JavaSelenium: Start Execution: 2024/03/20 08:53:53
[INFO ] 2024-03-20 08:53:55.086 [main] JavaSelenium: C:\Users\archie\eclipse-workspace\JavaSE
[INFO ] 2024-03-20 08:53:57.817 [main] JavaSelenium: -- HandleInputandRadio --
[INFO ] 2024-03-20 08:54:08.228 [main] JavaSelenium: true
[INFO ] 2024-03-20 08:54:08.255 [main] JavaSelenium: true
[INFO ] 2024-03-20 08:54:08.279 [main] JavaSelenium: Current value: 
[INFO ] 2024-03-20 08:54:08.667 [main] JavaSelenium: Updated value: John
[INFO ] 2024-03-20 08:54:08.817 [main] JavaSelenium: Radiobutton false
[INFO ] 2024-03-20 08:54:08.926 [main] JavaSelenium: true
[INFO ] 2024-03-20 08:54:08.943 [main] JavaSelenium: false
[INFO ] 2024-03-20 08:54:09.044 [main] JavaSelenium: true
[INFO ] 2024-03-20 08:54:09.221 [main] JavaSelenium: Checkbox false
[INFO ] 2024-03-20 08:54:09.339 [main] JavaSelenium: true
[INFO ] 2024-03-20 08:54:09.361 [main] JavaSelenium: false
[INFO ] 2024-03-20 08:54:09.521 [main] JavaSelenium: true
[INFO ] 2024-03-20 08:54:11.779 [main] JavaSelenium: -- HandleUsingClass --
[INFO ] 2024-03-20 08:54:11.782 [main] JavaSelenium: 55
[INFO ] 2024-03-20 08:54:11.783 [main] JavaSelenium: 0
[INFO ] 2024-03-20 08:54:11.783 [main] JavaSelenium: 1
[INFO ] 2024-03-20 08:54:11.784 [main] JavaSelenium: 2
[INFO ] 2024-03-20 08:54:11.784 [main] JavaSelenium: 3
[INFO ] 2024-03-20 08:54:11.785 [main] JavaSelenium: 4
[INFO ] 2024-03-20 08:54:22.808 [main] JavaSelenium: Time Elapsed: 00 hours, 00 mins, 28 seconds, 864 ms
[INFO ] 2024-03-20 09:00:12.609 [main] JavaSelenium: Start Execution: 2024/03/20 09:00:11
[INFO ] 2024-03-20 09:01:59.745 [main] JavaSelenium: Start Execution: 2024/03/20 09:01:58
[INFO ] 2024-03-20 09:04:09.614 [main] JavaSelenium: Start Execution: 2024/03/20 09:04:08
[INFO ] 2024-03-20 09:07:23.633 [main] JavaSelenium: Start Execution: 2024/03/20 09:07:22
[INFO ] 2024-03-20 09:07:23.952 [main] JavaSelenium: C:\Users\archie\eclipse-workspace\JavaSE
[INFO ] 2024-03-20 09:07:26.263 [main] JavaSelenium: -- HandleInputandRadio --
[INFO ] 2024-03-20 09:07:32.497 [main] JavaSelenium: true
[INFO ] 2024-03-20 09:07:32.522 [main] JavaSelenium: true
[INFO ] 2024-03-20 09:07:32.543 [main] JavaSelenium: Current value: 
[INFO ] 2024-03-20 09:07:32.816 [main] JavaSelenium: Updated value: John
[INFO ] 2024-03-20 09:07:33.000 [main] JavaSelenium: Radiobutton false
[INFO ] 2024-03-20 09:07:33.102 [main] JavaSelenium: true
[INFO ] 2024-03-20 09:07:33.117 [main] JavaSelenium: false
[INFO ] 2024-03-20 09:07:33.215 [main] JavaSelenium: true
[INFO ] 2024-03-20 09:07:33.341 [main] JavaSelenium: Checkbox false
[INFO ] 2024-03-20 09:07:33.428 [main] JavaSelenium: true
[INFO ] 2024-03-20 09:07:33.443 [main] JavaSelenium: false
[INFO ] 2024-03-20 09:07:33.537 [main] JavaSelenium: true
[INFO ] 2024-03-20 09:07:35.777 [main] JavaSelenium: -- HandleUsingClass --
[INFO ] 2024-03-20 09:07:35.778 [main] JavaSelenium: 55
[INFO ] 2024-03-20 09:07:35.778 [main] JavaSelenium: 0
[INFO ] 2024-03-20 09:07:35.778 [main] JavaSelenium: 1
[INFO ] 2024-03-20 09:07:35.778 [main] JavaSelenium: 2
[INFO ] 2024-03-20 09:07:35.779 [main] JavaSelenium: 3
[INFO ] 2024-03-20 09:07:35.779 [main] JavaSelenium: 4
[INFO ] 2024-03-20 09:07:46.133 [main] JavaSelenium: Time Elapsed: 00 hours, 00 mins, 23 seconds, 432 ms
[INFO ] 2024-03-20 09:09:15.138 [main] JavaSelenium: Start Execution: 2024/03/20 09:09:14
[INFO ] 2024-03-20 09:10:38.409 [main] JavaSelenium: Start Execution: 2024/03/20 09:10:37
[INFO ] 2024-03-20 09:10:38.747 [main] JavaSelenium: C:\Users\archie\eclipse-workspace\JavaSE
[INFO ] 2024-03-20 09:10:41.096 [main] JavaSelenium: -- HandleInputandRadio --
[INFO ] 2024-03-20 09:10:48.460 [main] JavaSelenium: true
[INFO ] 2024-03-20 09:10:48.485 [main] JavaSelenium: true
[INFO ] 2024-03-20 09:10:48.512 [main] JavaSelenium: Current value: 
[INFO ] 2024-03-20 09:10:48.918 [main] JavaSelenium: Updated value: John
[INFO ] 2024-03-20 09:10:49.069 [main] JavaSelenium: Radiobutton false
[INFO ] 2024-03-20 09:10:49.185 [main] JavaSelenium: true
[INFO ] 2024-03-20 09:10:49.203 [main] JavaSelenium: false
[INFO ] 2024-03-20 09:10:49.321 [main] JavaSelenium: true
[INFO ] 2024-03-20 09:10:49.470 [main] JavaSelenium: Checkbox false
[INFO ] 2024-03-20 09:10:49.574 [main] JavaSelenium: true
[INFO ] 2024-03-20 09:10:49.587 [main] JavaSelenium: false
[INFO ] 2024-03-20 09:10:49.737 [main] JavaSelenium: true
[INFO ] 2024-03-20 09:10:52.063 [main] JavaSelenium: -- HandleUsingClass --
[INFO ] 2024-03-20 09:10:52.064 [main] JavaSelenium: 55
[INFO ] 2024-03-20 09:10:52.065 [main] JavaSelenium: 0
[INFO ] 2024-03-20 09:10:52.065 [main] JavaSelenium: 1
[INFO ] 2024-03-20 09:10:52.065 [main] JavaSelenium: 2
[INFO ] 2024-03-20 09:10:52.065 [main] JavaSelenium: 3
[INFO ] 2024-03-20 09:10:52.066 [main] JavaSelenium: 4
[INFO ] 2024-03-20 09:11:02.199 [main] JavaSelenium: Time Elapsed: 00 hours, 00 mins, 24 seconds, 752 ms
[INFO ] 2024-03-20 09:14:51.416 [main] JavaSelenium: Start Execution: 2024/03/20 09:14:50
[INFO ] 2024-03-20 09:14:51.754 [main] JavaSelenium: C:\Users\archie\eclipse-workspace\JavaSE
[INFO ] 2024-03-20 09:14:54.615 [main] JavaSelenium: -- HandleInputandRadio --
[INFO ] 2024-03-20 09:15:11.182 [main] JavaSelenium: true
[INFO ] 2024-03-20 09:15:11.205 [main] JavaSelenium: true
[INFO ] 2024-03-20 09:15:11.235 [main] JavaSelenium: Current value: 
[INFO ] 2024-03-20 09:15:11.617 [main] JavaSelenium: Updated value: John
[INFO ] 2024-03-20 09:15:11.752 [main] JavaSelenium: Radiobutton false
[INFO ] 2024-03-20 09:15:11.860 [main] JavaSelenium: true
[INFO ] 2024-03-20 09:15:11.875 [main] JavaSelenium: false
[INFO ] 2024-03-20 09:15:11.972 [main] JavaSelenium: true
[INFO ] 2024-03-20 09:15:12.097 [main] JavaSelenium: Checkbox false
[INFO ] 2024-03-20 09:15:12.194 [main] JavaSelenium: true
[INFO ] 2024-03-20 09:15:12.213 [main] JavaSelenium: false
[INFO ] 2024-03-20 09:15:12.329 [main] JavaSelenium: true
[INFO ] 2024-03-20 09:15:14.574 [main] JavaSelenium: -- HandleUsingClass --
[INFO ] 2024-03-20 09:15:14.576 [main] JavaSelenium: 55
[INFO ] 2024-03-20 09:15:14.576 [main] JavaSelenium: 0
[INFO ] 2024-03-20 09:15:14.576 [main] JavaSelenium: 1
[INFO ] 2024-03-20 09:15:14.576 [main] JavaSelenium: 2
[INFO ] 2024-03-20 09:15:14.576 [main] JavaSelenium: 3
[INFO ] 2024-03-20 09:15:14.577 [main] JavaSelenium: 4
[INFO ] 2024-03-20 09:15:24.603 [main] JavaSelenium: Time Elapsed: 00 hours, 00 mins, 34 seconds, 125 ms
[INFO ] 2024-03-20 13:02:06.845 [main] JavaSelenium: Start Execution: 2024/03/20 13:02:05
[INFO ] 2024-03-20 13:02:07.505 [main] JavaSelenium: C:\Users\archie\eclipse-workspace\JavaSE
[INFO ] 2024-03-20 13:02:10.980 [main] JavaSelenium: -- HandleInputandRadio --
[INFO ] 2024-03-20 13:02:17.936 [main] JavaSelenium: true
[INFO ] 2024-03-20 13:02:17.967 [main] JavaSelenium: true
[INFO ] 2024-03-20 13:02:18.000 [main] JavaSelenium: Current value: 
[INFO ] 2024-03-20 13:02:18.382 [main] JavaSelenium: Updated value: John
[INFO ] 2024-03-20 13:02:18.561 [main] JavaSelenium: Radiobutton false
[INFO ] 2024-03-20 13:02:18.662 [main] JavaSelenium: true
[INFO ] 2024-03-20 13:02:18.677 [main] JavaSelenium: false
[INFO ] 2024-03-20 13:02:18.769 [main] JavaSelenium: true
[INFO ] 2024-03-20 13:02:18.905 [main] JavaSelenium: Checkbox false
[INFO ] 2024-03-20 13:02:18.996 [main] JavaSelenium: true
[INFO ] 2024-03-20 13:02:19.010 [main] JavaSelenium: false
[INFO ] 2024-03-20 13:02:19.107 [main] JavaSelenium: true
[INFO ] 2024-03-20 13:02:21.345 [main] JavaSelenium: -- HandleUsingClass --
[INFO ] 2024-03-20 13:02:21.348 [main] JavaSelenium: 55
[INFO ] 2024-03-20 13:02:21.348 [main] JavaSelenium: 0
[INFO ] 2024-03-20 13:02:21.349 [main] JavaSelenium: 1
[INFO ] 2024-03-20 13:02:21.349 [main] JavaSelenium: 2
[INFO ] 2024-03-20 13:02:21.349 [main] JavaSelenium: 3
[INFO ] 2024-03-20 13:02:21.349 [main] JavaSelenium: 4
[INFO ] 2024-03-20 13:02:31.910 [main] JavaSelenium: Time Elapsed: 00 hours, 00 mins, 26 seconds, 339 ms
[INFO ] 2024-03-20 13:03:17.213 [main] JavaSelenium: Start Execution: 2024/03/20 13:03:16
[INFO ] 2024-03-20 13:03:17.564 [main] JavaSelenium: C:\Users\archie\eclipse-workspace\JavaSE
[INFO ] 2024-03-20 13:03:19.887 [main] JavaSelenium: -- HandleInputandRadio --
[INFO ] 2024-03-20 13:03:25.646 [main] JavaSelenium: true
[INFO ] 2024-03-20 13:03:25.668 [main] JavaSelenium: true
[INFO ] 2024-03-20 13:03:25.691 [main] JavaSelenium: Current value: 
[INFO ] 2024-03-20 13:03:25.932 [main] JavaSelenium: Updated value: John
[INFO ] 2024-03-20 13:03:26.112 [main] JavaSelenium: Radiobutton false
[INFO ] 2024-03-20 13:03:26.259 [main] JavaSelenium: true
[INFO ] 2024-03-20 13:03:26.277 [main] JavaSelenium: false
[INFO ] 2024-03-20 13:03:26.385 [main] JavaSelenium: true
[INFO ] 2024-03-20 13:03:26.511 [main] JavaSelenium: Checkbox false
[INFO ] 2024-03-20 13:03:26.633 [main] JavaSelenium: true
[INFO ] 2024-03-20 13:03:26.651 [main] JavaSelenium: false
[INFO ] 2024-03-20 13:03:26.775 [main] JavaSelenium: true
[INFO ] 2024-03-20 13:03:29.017 [main] JavaSelenium: -- HandleUsingClass --
[INFO ] 2024-03-20 13:03:29.019 [main] JavaSelenium: 55
[INFO ] 2024-03-20 13:03:29.019 [main] JavaSelenium: 0
[INFO ] 2024-03-20 13:03:29.020 [main] JavaSelenium: 1
[INFO ] 2024-03-20 13:03:29.020 [main] JavaSelenium: 2
[INFO ] 2024-03-20 13:03:29.020 [main] JavaSelenium: 3
[INFO ] 2024-03-20 13:03:29.020 [main] JavaSelenium: 4
[INFO ] 2024-03-20 13:03:40.235 [main] JavaSelenium: Time Elapsed: 00 hours, 00 mins, 23 seconds, 994 ms
[INFO ] 2024-03-25 11:14:36.631 [main] JavaSelenium: Start Execution: 2024/03/25 11:14:35
[INFO ] 2024-03-25 11:14:37.045 [main] JavaSelenium: C:\Users\archie\eclipse-workspace\JavaSE
[INFO ] 2024-03-25 11:14:39.933 [main] JavaSelenium: -- HandleInputandRadio --
[INFO ] 2024-03-25 11:14:46.906 [main] JavaSelenium: true
[INFO ] 2024-03-25 11:14:46.933 [main] JavaSelenium: true
[INFO ] 2024-03-25 11:14:46.954 [main] JavaSelenium: Current value: 
[INFO ] 2024-03-25 11:14:47.193 [main] JavaSelenium: Updated value: John
[INFO ] 2024-03-25 11:14:47.358 [main] JavaSelenium: Radiobutton false
[INFO ] 2024-03-25 11:14:47.459 [main] JavaSelenium: true
[INFO ] 2024-03-25 11:14:47.479 [main] JavaSelenium: false
[INFO ] 2024-03-25 11:14:47.586 [main] JavaSelenium: true
[INFO ] 2024-03-25 11:14:47.701 [main] JavaSelenium: Checkbox false
[INFO ] 2024-03-25 11:14:47.774 [main] JavaSelenium: true
[INFO ] 2024-03-25 11:14:47.788 [main] JavaSelenium: false
[INFO ] 2024-03-25 11:14:47.871 [main] JavaSelenium: true
[INFO ] 2024-03-25 11:14:50.122 [main] JavaSelenium: -- HandleUsingClass --
[INFO ] 2024-03-25 11:14:50.124 [main] JavaSelenium: 55
[INFO ] 2024-03-25 11:14:50.124 [main] JavaSelenium: 0
[INFO ] 2024-03-25 11:14:50.125 [main] JavaSelenium: 1
[INFO ] 2024-03-25 11:14:50.125 [main] JavaSelenium: 2
[INFO ] 2024-03-25 11:14:50.125 [main] JavaSelenium: 3
[INFO ] 2024-03-25 11:14:50.125 [main] JavaSelenium: 4
[INFO ] 2024-03-25 11:15:00.911 [main] JavaSelenium: Time Elapsed: 00 hours, 00 mins, 28 seconds, 006 ms
[INFO ] 2024-03-25 11:29:09.945 [main] JavaSelenium: Start Execution: 2024/03/25 11:29:09
[INFO ] 2024-03-25 11:29:10.271 [main] JavaSelenium: C:\Users\archie\eclipse-workspace\JavaSE
[INFO ] 2024-03-25 11:29:12.577 [main] JavaSelenium: -- HandleInputandRadio --
[INFO ] 2024-03-25 11:29:19.757 [main] JavaSelenium: true
[INFO ] 2024-03-25 11:29:19.774 [main] JavaSelenium: true
[INFO ] 2024-03-25 11:29:19.790 [main] JavaSelenium: Current value: 
[INFO ] 2024-03-25 11:29:20.057 [main] JavaSelenium: Updated value: John
[INFO ] 2024-03-25 11:29:20.213 [main] JavaSelenium: Radiobutton false
[INFO ] 2024-03-25 11:29:20.311 [main] JavaSelenium: true
[INFO ] 2024-03-25 11:29:20.325 [main] JavaSelenium: false
[INFO ] 2024-03-25 11:29:20.410 [main] JavaSelenium: true
[INFO ] 2024-03-25 11:29:20.500 [main] JavaSelenium: Checkbox false
[INFO ] 2024-03-25 11:29:20.577 [main] JavaSelenium: true
[INFO ] 2024-03-25 11:29:20.589 [main] JavaSelenium: false
[INFO ] 2024-03-25 11:29:20.667 [main] JavaSelenium: true
[INFO ] 2024-03-25 11:29:22.929 [main] JavaSelenium: -- HandleUsingClass --
[INFO ] 2024-03-25 11:29:22.930 [main] JavaSelenium: 55
[INFO ] 2024-03-25 11:29:22.931 [main] JavaSelenium: 0
[INFO ] 2024-03-25 11:29:22.931 [main] JavaSelenium: 1
[INFO ] 2024-03-25 11:29:22.931 [main] JavaSelenium: 2
[INFO ] 2024-03-25 11:29:22.931 [main] JavaSelenium: 3
[INFO ] 2024-03-25 11:29:22.932 [main] JavaSelenium: 4
[INFO ] 2024-03-25 11:29:33.461 [main] JavaSelenium: Time Elapsed: 00 hours, 00 mins, 24 seconds, 495 ms
[INFO ] 2024-03-25 11:33:35.485 [main] JavaSelenium: Start Execution: 2024/03/25 11:33:34
[INFO ] 2024-03-25 11:33:35.799 [main] JavaSelenium: C:\Users\archie\eclipse-workspace\JavaSE
[INFO ] 2024-03-25 11:33:37.956 [main] JavaSelenium: -- HandleInputandRadio --
[INFO ] 2024-03-25 11:33:43.982 [main] JavaSelenium: true
[INFO ] 2024-03-25 11:33:44.001 [main] JavaSelenium: true
[INFO ] 2024-03-25 11:33:44.015 [main] JavaSelenium: Current value: 
[INFO ] 2024-03-25 11:33:44.226 [main] JavaSelenium: Updated value: John
[INFO ] 2024-03-25 11:33:44.335 [main] JavaSelenium: Radiobutton false
[INFO ] 2024-03-25 11:33:44.471 [main] JavaSelenium: true
[INFO ] 2024-03-25 11:33:44.491 [main] JavaSelenium: false
[INFO ] 2024-03-25 11:33:44.634 [main] JavaSelenium: true
[INFO ] 2024-03-25 11:33:44.749 [main] JavaSelenium: Checkbox false
[INFO ] 2024-03-25 11:33:44.847 [main] JavaSelenium: true
[INFO ] 2024-03-25 11:33:44.862 [main] JavaSelenium: false
[INFO ] 2024-03-25 11:33:44.949 [main] JavaSelenium: true
[INFO ] 2024-03-25 11:33:47.246 [main] JavaSelenium: -- HandleUsingClass --
[INFO ] 2024-03-25 11:33:47.248 [main] JavaSelenium: 55
[INFO ] 2024-03-25 11:33:47.248 [main] JavaSelenium: 0
[INFO ] 2024-03-25 11:33:47.248 [main] JavaSelenium: 1
[INFO ] 2024-03-25 11:33:47.249 [main] JavaSelenium: 2
[INFO ] 2024-03-25 11:33:47.249 [main] JavaSelenium: 3
[INFO ] 2024-03-25 11:33:47.249 [main] JavaSelenium: 4
[INFO ] 2024-03-25 11:33:57.930 [main] JavaSelenium: Time Elapsed: 00 hours, 00 mins, 23 seconds, 361 ms
[INFO ] 2024-03-25 11:53:35.654 [main] JavaSelenium: Start Execution: 2024/03/25 11:53:35
[INFO ] 2024-03-25 11:53:35.981 [main] JavaSelenium: C:\Users\archie\eclipse-workspace\JavaSE
[INFO ] 2024-03-25 11:53:38.210 [main] JavaSelenium: -- HandleUsingClass --
[INFO ] 2024-03-25 11:53:38.212 [main] JavaSelenium: 55
[INFO ] 2024-03-25 11:53:38.212 [main] JavaSelenium: 0
[INFO ] 2024-03-25 11:53:38.213 [main] JavaSelenium: 1
[INFO ] 2024-03-25 11:53:38.213 [main] JavaSelenium: 2
[INFO ] 2024-03-25 11:53:38.213 [main] JavaSelenium: 3
[INFO ] 2024-03-25 11:53:38.213 [main] JavaSelenium: 4
[INFO ] 2024-03-25 11:53:49.122 [main] JavaSelenium: Time Elapsed: 00 hours, 00 mins, 13 seconds, 483 ms
[INFO ] 2024-03-25 11:57:28.075 [main] JavaSelenium: Start Execution: 2024/03/25 11:57:28
[INFO ] 2024-03-25 11:57:28.401 [main] JavaSelenium: C:\Users\archie\eclipse-workspace\JavaSE
[INFO ] 2024-03-25 11:57:30.631 [main] JavaSelenium: -- HandleUsingClass --
[INFO ] 2024-03-25 11:57:30.633 [main] JavaSelenium: 55
[INFO ] 2024-03-25 11:57:30.633 [main] JavaSelenium: 0
[INFO ] 2024-03-25 11:57:30.633 [main] JavaSelenium: 1
[INFO ] 2024-03-25 11:57:30.634 [main] JavaSelenium: 2
[INFO ] 2024-03-25 11:57:30.634 [main] JavaSelenium: 3
[INFO ] 2024-03-25 11:57:30.634 [main] JavaSelenium: 4
[INFO ] 2024-03-25 11:57:41.845 [main] JavaSelenium: Time Elapsed: 00 hours, 00 mins, 13 seconds, 782 ms
[INFO ] 2024-03-25 12:01:38.412 [main] JavaSelenium: Start Execution: 2024/03/25 12:01:38
[INFO ] 2024-03-25 12:01:38.709 [main] JavaSelenium: C:\Users\archie\eclipse-workspace\JavaSE
[INFO ] 2024-03-25 12:02:52.893 [main] JavaSelenium: Start Execution: 2024/03/25 12:02:52
[INFO ] 2024-03-25 12:02:53.197 [main] JavaSelenium: C:\Users\archie\eclipse-workspace\JavaSE
[INFO ] 2024-03-25 12:04:54.457 [main] JavaSelenium: Start Execution: 2024/03/25 12:04:54
[INFO ] 2024-03-25 12:04:54.783 [main] JavaSelenium: C:\Users\archie\eclipse-workspace\JavaSE
[INFO ] 2024-03-25 12:06:36.103 [main] JavaSelenium: Start Execution: 2024/03/25 12:06:36
[INFO ] 2024-03-25 12:06:36.405 [main] JavaSelenium: C:\Users\archie\eclipse-workspace\JavaSE
[INFO ] 2024-03-25 12:07:23.240 [main] JavaSelenium: Start Execution: 2024/03/25 12:07:23
[INFO ] 2024-03-25 12:07:23.536 [main] JavaSelenium: C:\Users\archie\eclipse-workspace\JavaSE
[INFO ] 2024-03-25 12:09:32.807 [main] JavaSelenium: Start Execution: 2024/03/25 12:09:32
[INFO ] 2024-03-25 12:09:33.185 [main] JavaSelenium: C:\Users\archie\eclipse-workspace\JavaSE
[INFO ] 2024-03-25 12:09:35.606 [main] JavaSelenium: Using MSEdge browser
[INFO ] 2024-03-25 12:09:35.649 [main] JavaSelenium: -- HandleUsingClass --
[INFO ] 2024-03-25 12:09:35.652 [main] JavaSelenium: 55
[INFO ] 2024-03-25 12:09:35.652 [main] JavaSelenium: 0
[INFO ] 2024-03-25 12:09:35.652 [main] JavaSelenium: 1
[INFO ] 2024-03-25 12:09:35.653 [main] JavaSelenium: 2
[INFO ] 2024-03-25 12:09:35.653 [main] JavaSelenium: 3
[INFO ] 2024-03-25 12:09:35.653 [main] JavaSelenium: 4
[INFO ] 2024-03-25 12:09:47.923 [main] JavaSelenium: Time Elapsed: 00 hours, 00 mins, 15 seconds, 134 ms
[INFO ] 2024-03-25 12:15:25.027 [TestNG-tests-2] JavaSelenium: Start Execution: 2024/03/25 12:15:25
[INFO ] 2024-03-25 12:15:25.027 [TestNG-tests-1] JavaSelenium: Start Execution: 2024/03/25 12:15:25
[INFO ] 2024-03-25 12:15:25.318 [TestNG-tests-2] JavaSelenium: C:\Users\archie\eclipse-workspace\JavaSE
[INFO ] 2024-03-25 12:15:25.318 [TestNG-tests-1] JavaSelenium: C:\Users\archie\eclipse-workspace\JavaSE
[INFO ] 2024-03-25 12:15:28.122 [TestNG-tests-2] JavaSelenium: Using MSEdge browser
[INFO ] 2024-03-25 12:15:28.122 [TestNG-tests-1] JavaSelenium: Using Chrome browser
[INFO ] 2024-03-25 12:15:28.181 [TestNG-tests-2] JavaSelenium: -- HandleUsingClass --
[INFO ] 2024-03-25 12:15:28.182 [TestNG-tests-1] JavaSelenium: -- HandleUsingClass --
[INFO ] 2024-03-25 12:15:28.184 [TestNG-tests-2] JavaSelenium: 55
[INFO ] 2024-03-25 12:15:28.184 [TestNG-tests-1] JavaSelenium: 55
[INFO ] 2024-03-25 12:15:28.184 [TestNG-tests-2] JavaSelenium: 0
[INFO ] 2024-03-25 12:15:28.184 [TestNG-tests-1] JavaSelenium: 0
[INFO ] 2024-03-25 12:15:28.185 [TestNG-tests-2] JavaSelenium: 1
[INFO ] 2024-03-25 12:15:28.185 [TestNG-tests-1] JavaSelenium: 1
[INFO ] 2024-03-25 12:15:28.185 [TestNG-tests-2] JavaSelenium: 2
[INFO ] 2024-03-25 12:15:28.185 [TestNG-tests-1] JavaSelenium: 2
[INFO ] 2024-03-25 12:15:28.185 [TestNG-tests-2] JavaSelenium: 3
[INFO ] 2024-03-25 12:15:28.185 [TestNG-tests-1] JavaSelenium: 3
[INFO ] 2024-03-25 12:15:28.185 [TestNG-tests-2] JavaSelenium: 4
[INFO ] 2024-03-25 12:15:28.185 [TestNG-tests-1] JavaSelenium: 4
[INFO ] 2024-03-25 12:15:39.813 [TestNG-tests-2] JavaSelenium: Time Elapsed: 00 hours, 00 mins, 14 seconds, 801 ms
[INFO ] 2024-03-25 12:15:42.423 [TestNG-tests-1] JavaSelenium: Time Elapsed: 00 hours, 00 mins, 17 seconds, 411 ms
[INFO ] 2024-03-25 12:20:46.809 [TestNG-tests-1] JavaSelenium: Start Execution: 2024/03/25 12:20:46
[INFO ] 2024-03-25 12:20:46.809 [TestNG-tests-2] JavaSelenium: Start Execution: 2024/03/25 12:20:46
[INFO ] 2024-03-25 12:20:47.109 [TestNG-tests-1] JavaSelenium: C:\Users\archie\eclipse-workspace\JavaSE
[INFO ] 2024-03-25 12:20:47.109 [TestNG-tests-2] JavaSelenium: C:\Users\archie\eclipse-workspace\JavaSE
[INFO ] 2024-03-25 12:20:49.287 [TestNG-tests-1] JavaSelenium: Using Chrome browser
[INFO ] 2024-03-25 12:20:49.324 [TestNG-tests-1] JavaSelenium: -- HandleUsingClass --
[INFO ] 2024-03-25 12:20:49.326 [TestNG-tests-1] JavaSelenium: 55
[INFO ] 2024-03-25 12:20:49.326 [TestNG-tests-1] JavaSelenium: 0
[INFO ] 2024-03-25 12:20:49.326 [TestNG-tests-1] JavaSelenium: 1
[INFO ] 2024-03-25 12:20:49.326 [TestNG-tests-1] JavaSelenium: 2
[INFO ] 2024-03-25 12:20:49.326 [TestNG-tests-1] JavaSelenium: 3
[INFO ] 2024-03-25 12:20:49.327 [TestNG-tests-1] JavaSelenium: 4
[INFO ] 2024-03-25 12:20:50.852 [TestNG-tests-2] JavaSelenium: Using MSEdge browser
[INFO ] 2024-03-25 12:20:50.866 [TestNG-tests-2] JavaSelenium: -- HandleUsingClass --
[INFO ] 2024-03-25 12:20:50.867 [TestNG-tests-2] JavaSelenium: 55
[INFO ] 2024-03-25 12:20:50.868 [TestNG-tests-2] JavaSelenium: 0
[INFO ] 2024-03-25 12:20:50.868 [TestNG-tests-2] JavaSelenium: 1
[INFO ] 2024-03-25 12:20:50.869 [TestNG-tests-2] JavaSelenium: 2
[INFO ] 2024-03-25 12:20:50.869 [TestNG-tests-2] JavaSelenium: 3
[INFO ] 2024-03-25 12:20:50.869 [TestNG-tests-2] JavaSelenium: 4
[INFO ] 2024-03-25 12:21:02.281 [TestNG-tests-1] JavaSelenium: Thread: 18
[INFO ] 2024-03-25 12:21:02.282 [TestNG-tests-1] JavaSelenium: Time Elapsed: 00 hours, 00 mins, 15 seconds, 489 ms
[INFO ] 2024-03-25 12:22:01.053 [TestNG-tests-2] JavaSelenium: Start Execution: 2024/03/25 12:22:01
[INFO ] 2024-03-25 12:22:01.053 [TestNG-tests-1] JavaSelenium: Start Execution: 2024/03/25 12:22:01
[INFO ] 2024-03-25 12:22:01.359 [TestNG-tests-2] JavaSelenium: C:\Users\archie\eclipse-workspace\JavaSE
[INFO ] 2024-03-25 12:22:01.359 [TestNG-tests-1] JavaSelenium: C:\Users\archie\eclipse-workspace\JavaSE
[INFO ] 2024-03-25 12:22:03.440 [TestNG-tests-1] JavaSelenium: Using Chrome browser
[INFO ] 2024-03-25 12:22:03.486 [TestNG-tests-1] JavaSelenium: -- HandleUsingClass --
[INFO ] 2024-03-25 12:22:03.489 [TestNG-tests-1] JavaSelenium: 55
[INFO ] 2024-03-25 12:22:03.489 [TestNG-tests-1] JavaSelenium: 0
[INFO ] 2024-03-25 12:22:03.490 [TestNG-tests-1] JavaSelenium: 1
[INFO ] 2024-03-25 12:22:03.490 [TestNG-tests-1] JavaSelenium: 2
[INFO ] 2024-03-25 12:22:03.490 [TestNG-tests-1] JavaSelenium: 3
[INFO ] 2024-03-25 12:22:03.490 [TestNG-tests-1] JavaSelenium: 4
[INFO ] 2024-03-25 12:22:04.958 [TestNG-tests-2] JavaSelenium: Using MSEdge browser
[INFO ] 2024-03-25 12:22:04.967 [TestNG-tests-2] JavaSelenium: -- HandleUsingClass --
[INFO ] 2024-03-25 12:22:04.968 [TestNG-tests-2] JavaSelenium: 55
[INFO ] 2024-03-25 12:22:04.968 [TestNG-tests-2] JavaSelenium: 0
[INFO ] 2024-03-25 12:22:04.968 [TestNG-tests-2] JavaSelenium: 1
[INFO ] 2024-03-25 12:22:04.969 [TestNG-tests-2] JavaSelenium: 2
[INFO ] 2024-03-25 12:22:04.969 [TestNG-tests-2] JavaSelenium: 3
[INFO ] 2024-03-25 12:22:04.970 [TestNG-tests-2] JavaSelenium: 4
[INFO ] 2024-03-25 12:22:16.029 [TestNG-tests-2] JavaSelenium: Thread: 19
[INFO ] 2024-03-25 12:22:16.029 [TestNG-tests-1] JavaSelenium: Thread: 18
[INFO ] 2024-03-25 12:22:16.030 [TestNG-tests-2] JavaSelenium: Time Elapsed: 00 hours, 00 mins, 14 seconds, 989 ms
[INFO ] 2024-03-25 12:22:16.030 [TestNG-tests-1] JavaSelenium: Time Elapsed: 00 hours, 00 mins, 14 seconds, 989 ms
[INFO ] 2024-03-25 12:39:54.506 [main] JavaSelenium: Start Execution: 2024/03/25 12:39:53
[INFO ] 2024-03-25 12:39:54.824 [main] JavaSelenium: C:\Users\archie\eclipse-workspace\JavaSE
[INFO ] 2024-03-25 12:39:57.038 [main] JavaSelenium: Using Chrome browser
[INFO ] 2024-03-25 12:39:57.051 [main] JavaSelenium: -- HandleInputandRadio --
[INFO ] 2024-03-25 12:40:03.329 [main] JavaSelenium: true
[INFO ] 2024-03-25 12:40:03.348 [main] JavaSelenium: true
[INFO ] 2024-03-25 12:40:03.364 [main] JavaSelenium: Current value: 
[INFO ] 2024-03-25 12:40:03.577 [main] JavaSelenium: Updated value: John
[INFO ] 2024-03-25 12:40:03.709 [main] JavaSelenium: Radiobutton false
[INFO ] 2024-03-25 12:40:03.829 [main] JavaSelenium: true
[INFO ] 2024-03-25 12:40:03.854 [main] JavaSelenium: false
[INFO ] 2024-03-25 12:40:03.993 [main] JavaSelenium: true
[INFO ] 2024-03-25 12:40:04.112 [main] JavaSelenium: Checkbox false
[INFO ] 2024-03-25 12:40:04.188 [main] JavaSelenium: true
[INFO ] 2024-03-25 12:40:04.201 [main] JavaSelenium: false
[INFO ] 2024-03-25 12:40:04.275 [main] JavaSelenium: true
[INFO ] 2024-03-25 12:40:06.507 [main] JavaSelenium: -- HandleDropdown --
[INFO ] 2024-03-25 12:40:13.620 [main] JavaSelenium: india
[INFO ] 2024-03-25 12:40:13.693 [main] JavaSelenium: australia
[INFO ] 2024-03-25 12:40:13.693 [main] JavaSelenium: -- HandleMultiDropdown --
[INFO ] 2024-03-25 12:40:20.593 [main] JavaSelenium: Numer of options: 5
[INFO ] 2024-03-25 12:40:20.677 [main] JavaSelenium: Value: Red
[INFO ] 2024-03-25 12:40:20.693 [main] JavaSelenium: Value: Blue
[INFO ] 2024-03-25 12:40:20.709 [main] JavaSelenium: Value: Green
[INFO ] 2024-03-25 12:40:20.724 [main] JavaSelenium: Value: White
[INFO ] 2024-03-25 12:40:20.724 [main] JavaSelenium: -- HandleBootstrapDropdown --
[INFO ] 2024-03-25 12:40:25.264 [main] JavaSelenium: Numer of options: 11
[INFO ] 2024-03-25 12:40:25.376 [main] JavaSelenium: HTML
[INFO ] 2024-03-25 12:40:25.468 [main] JavaSelenium: false
[INFO ] 2024-03-25 12:40:25.493 [main] JavaSelenium: CSS
[INFO ] 2024-03-25 12:40:25.573 [main] JavaSelenium: false
[INFO ] 2024-03-25 12:40:25.595 [main] JavaSelenium: Angular
[INFO ] 2024-03-25 12:40:25.661 [main] JavaSelenium: true
[INFO ] 2024-03-25 12:40:25.681 [main] JavaSelenium: Java
[INFO ] 2024-03-25 12:40:25.759 [main] JavaSelenium: true
[INFO ] 2024-03-25 12:40:25.827 [main] JavaSelenium: -- HandleAutoSuggestion --
[INFO ] 2024-03-25 12:40:31.491 [main] JavaSelenium: Number of options:20
[INFO ] 2024-03-25 12:40:31.520 [main] JavaSelenium: Delhi
[INFO ] 2024-03-25 12:40:31.533 [main] JavaSelenium: ISBT Kashmiri Gate
[INFO ] 2024-03-25 12:40:31.547 [main] JavaSelenium: Indira Gandhi International Airport
[INFO ] 2024-03-25 12:40:31.561 [main] JavaSelenium: Akshardham Metro Station
[INFO ] 2024-03-25 12:40:31.574 [main] JavaSelenium: Badarpur
[INFO ] 2024-03-25 12:40:31.587 [main] JavaSelenium: Mayur Vihar
[INFO ] 2024-03-25 12:40:31.600 [main] JavaSelenium: Dhaula Kuan
[INFO ] 2024-03-25 12:40:31.615 [main] JavaSelenium: Majnu Ka Tilla
[INFO ] 2024-03-25 12:40:31.630 [main] JavaSelenium: Morigate
[INFO ] 2024-03-25 12:40:31.644 [main] JavaSelenium: RK Ashram
[INFO ] 2024-03-25 12:40:31.764 [main] JavaSelenium: -- HandleHiddenItems --
[INFO ] 2024-03-25 12:40:37.004 [main] JavaSelenium: -- HandleDialogAlerts --
[INFO ] 2024-03-25 12:40:42.061 [main] JavaSelenium: I am an alert box!
[INFO ] 2024-03-25 12:40:44.152 [main] JavaSelenium: Press a button!
[INFO ] 2024-03-25 12:40:46.238 [main] JavaSelenium: Please enter your name:
[INFO ] 2024-03-25 12:40:48.261 [main] JavaSelenium: Hello JavaSE! How are you today?
[INFO ] 2024-03-25 12:40:48.261 [main] JavaSelenium: 1. Click Alert button!!
[INFO ] 2024-03-25 12:40:58.412 [main] JavaSelenium: -- HandleFramesiFrames --
[INFO ] 2024-03-25 12:41:02.233 [main] JavaSelenium: Number of frames: 5
[INFO ] 2024-03-25 12:41:04.991 [main] JavaSelenium: -- HandleWebTablePagination --
[INFO ] 2024-03-25 12:41:08.093 [main] JavaSelenium: Number of columns: 4
[INFO ] 2024-03-25 12:41:08.094 [main] JavaSelenium: Number of rows: 5
[INFO ] 2024-03-25 12:41:08.388 [main] JavaSelenium: [1, Product 1, $10.99, ]
[INFO ] 2024-03-25 12:41:08.437 [main] JavaSelenium: [1, Product 1, $10.99, , 2, Product 2, $19.99, ]
[INFO ] 2024-03-25 12:41:08.485 [main] JavaSelenium: [1, Product 1, $10.99, , 2, Product 2, $19.99, , 3, Product 3, $5.99, ]
[INFO ] 2024-03-25 12:41:08.533 [main] JavaSelenium: [1, Product 1, $10.99, , 2, Product 2, $19.99, , 3, Product 3, $5.99, , 4, Product 4, $7.99, ]
[INFO ] 2024-03-25 12:41:08.582 [main] JavaSelenium: [1, Product 1, $10.99, , 2, Product 2, $19.99, , 3, Product 3, $5.99, , 4, Product 4, $7.99, , 5, Product 5, $8.99, ]
[INFO ] 2024-03-25 12:41:08.612 [main] JavaSelenium: 1
[INFO ] 2024-03-25 12:41:08.700 [main] JavaSelenium: 1 Product 1 $10.99
[INFO ] 2024-03-25 12:41:08.717 [main] JavaSelenium: 2 Product 2 $19.99
[INFO ] 2024-03-25 12:41:08.735 [main] JavaSelenium: 3 Product 3 $5.99
[INFO ] 2024-03-25 12:41:08.752 [main] JavaSelenium: 4 Product 4 $7.99
[INFO ] 2024-03-25 12:41:08.773 [main] JavaSelenium: 5 Product 5 $8.99
[INFO ] 2024-03-25 12:41:08.788 [main] JavaSelenium: 2
[INFO ] 2024-03-25 12:41:08.881 [main] JavaSelenium: 6 Product 6 $9.99
[INFO ] 2024-03-25 12:41:08.901 [main] JavaSelenium: 7 Product 7 $20.99
[INFO ] 2024-03-25 12:41:08.920 [main] JavaSelenium: 8 Product 8 $15.99
[INFO ] 2024-03-25 12:41:08.938 [main] JavaSelenium: 9 Product 9 $5.99
[INFO ] 2024-03-25 12:41:08.959 [main] JavaSelenium: 10 Product 10 $16.99
[INFO ] 2024-03-25 12:41:08.974 [main] JavaSelenium: 3
[INFO ] 2024-03-25 12:41:09.055 [main] JavaSelenium: 11 Product 11 $20.99
[INFO ] 2024-03-25 12:41:09.080 [main] JavaSelenium: 12 Product 12 $24.99
[INFO ] 2024-03-25 12:41:09.097 [main] JavaSelenium: 13 Product 13 $30.99
[INFO ] 2024-03-25 12:41:09.113 [main] JavaSelenium: 14 Product 14 $19.99
[INFO ] 2024-03-25 12:41:09.132 [main] JavaSelenium: 15 Product 15 $2.99
[INFO ] 2024-03-25 12:41:09.145 [main] JavaSelenium: 4
[INFO ] 2024-03-25 12:41:09.224 [main] JavaSelenium: 16 Product 16 $10.99
[INFO ] 2024-03-25 12:41:09.240 [main] JavaSelenium: 17 Product 17 $11.99
[INFO ] 2024-03-25 12:41:09.258 [main] JavaSelenium: 18 Product 18 $13.99
[INFO ] 2024-03-25 12:41:09.274 [main] JavaSelenium: 19 Product 19 $16.99
[INFO ] 2024-03-25 12:41:09.290 [main] JavaSelenium: 20 Product 20 $17.99
[INFO ] 2024-03-25 12:41:09.291 [main] JavaSelenium: -- HandleDatePickers --
[INFO ] 2024-03-25 12:41:17.995 [main] JavaSelenium: -- HandleMouseActions --
[INFO ] 2024-03-25 12:41:33.567 [main] JavaSelenium: Text is: Hello World!
[INFO ] 2024-03-25 12:41:33.595 [main] JavaSelenium: Text is: Hello World!
[INFO ] 2024-03-25 12:41:33.881 [main] JavaSelenium: -- HandleKeyboardActions --
[INFO ] 2024-03-25 12:41:40.231 [main] JavaSelenium: -- HandleUploadFiles --
[WARN ] 2024-03-25 12:41:53.282 [main] JavaSelenium: -- [TIMEOUT] --
[INFO ] 2024-03-25 12:41:54.826 [main] JavaSelenium: "No Files Selected" = No Files Selected
[INFO ] 2024-03-25 12:41:55.160 [main] JavaSelenium: "sample1.txt" = sample1.txt
[INFO ] 2024-03-25 12:41:55.297 [main] JavaSelenium: "sample2.txt" = sample2.txt
[INFO ] 2024-03-25 12:41:55.297 [main] JavaSelenium: -- HandlePagesWindows --
[INFO ] 2024-03-25 12:41:57.026 [main] JavaSelenium: OrangeHRM
[INFO ] 2024-03-25 12:42:01.851 [main] JavaSelenium: Human Resources Management Software | OrangeHRM
[INFO ] 2024-03-25 12:42:03.714 [main] JavaSelenium: Google
[INFO ] 2024-03-25 12:42:05.787 [main] JavaSelenium: Original Window: 5E7B81E18CA695924FDB27CD81165C7E
[INFO ] 2024-03-25 12:42:05.787 [main] JavaSelenium: Tab Window: A808465EB7E550899BDA6E8747338C6A
[INFO ] 2024-03-25 12:42:05.787 [main] JavaSelenium: New Window: DE4ABE6DE31243398B8D79D8EBC16749
[INFO ] 2024-03-25 12:42:05.791 [main] JavaSelenium: Number of Window(s): 2
[INFO ] 2024-03-25 12:42:08.893 [main] JavaSelenium: -- HandleMultiplePagesWindows --
[INFO ] 2024-03-25 12:42:10.415 [main] JavaSelenium: OrangeHRM
[INFO ] 2024-03-25 12:42:13.690 [main] JavaSelenium: Human Resources Management Software | OrangeHRM
[INFO ] 2024-03-25 12:42:14.624 [main] JavaSelenium: Google
[INFO ] 2024-03-25 12:42:14.628 [main] JavaSelenium: Original Window: 5E7B81E18CA695924FDB27CD81165C7E
[INFO ] 2024-03-25 12:42:14.628 [main] JavaSelenium: Tab Window: FAE7906D4F233EC5D015A8FD93946D9E
[INFO ] 2024-03-25 12:42:14.628 [main] JavaSelenium: New Window: 43614CC3E0EEE1BB71FCC245F16851B1
[INFO ] 2024-03-25 12:42:14.633 [main] JavaSelenium: Number of Window(s): 3
[INFO ] 2024-03-25 12:42:15.542 [main] JavaSelenium: -- HandleCaptureScreen --
[INFO ] 2024-03-25 12:42:18.375 [main] JavaSelenium: Directory already exists
[INFO ] 2024-03-25 12:42:18.376 [main] JavaSelenium: ./captures/window_20240325 124218.png
[INFO ] 2024-03-25 12:42:18.662 [main] JavaSelenium: ./captures/element_20240325 124218.png
[INFO ] 2024-03-25 12:42:18.756 [main] JavaSelenium: -- HandleUsingClass --
[INFO ] 2024-03-25 12:42:18.757 [main] JavaSelenium: 55
[INFO ] 2024-03-25 12:42:18.758 [main] JavaSelenium: 0
[INFO ] 2024-03-25 12:42:18.758 [main] JavaSelenium: 1
[INFO ] 2024-03-25 12:42:18.758 [main] JavaSelenium: 2
[INFO ] 2024-03-25 12:42:18.758 [main] JavaSelenium: 3
[INFO ] 2024-03-25 12:42:18.758 [main] JavaSelenium: 4
[INFO ] 2024-03-25 12:42:24.912 [main] JavaSelenium: -- CloseAndQuitBrowser --
[INFO ] 2024-03-25 12:42:28.905 [main] JavaSelenium: Thread: 1
[INFO ] 2024-03-25 12:42:28.906 [main] JavaSelenium: Time Elapsed: 00 hours, 02 mins, 35 seconds, 339 ms
[INFO ] 2024-03-25 12:48:12.302 [main] JavaSelenium: Start Execution: 2024/03/25 12:48:11
[INFO ] 2024-03-25 12:48:12.623 [main] JavaSelenium: C:\Users\archie\eclipse-workspace\JavaSE
[INFO ] 2024-03-25 12:48:14.857 [main] JavaSelenium: Using Chrome browser
[INFO ] 2024-03-25 12:48:14.866 [main] JavaSelenium: -- HandleInputandRadio --
[INFO ] 2024-03-25 12:48:21.156 [main] JavaSelenium: true
[INFO ] 2024-03-25 12:48:21.173 [main] JavaSelenium: true
[INFO ] 2024-03-25 12:48:21.191 [main] JavaSelenium: Current value: 
[INFO ] 2024-03-25 12:48:21.393 [main] JavaSelenium: Updated value: John
[INFO ] 2024-03-25 12:48:21.540 [main] JavaSelenium: Radiobutton false
[INFO ] 2024-03-25 12:48:21.646 [main] JavaSelenium: true
[INFO ] 2024-03-25 12:48:21.660 [main] JavaSelenium: false
[INFO ] 2024-03-25 12:48:21.770 [main] JavaSelenium: true
[INFO ] 2024-03-25 12:48:21.889 [main] JavaSelenium: Checkbox false
[INFO ] 2024-03-25 12:48:21.963 [main] JavaSelenium: true
[INFO ] 2024-03-25 12:48:21.976 [main] JavaSelenium: false
[INFO ] 2024-03-25 12:48:22.054 [main] JavaSelenium: true
[INFO ] 2024-03-25 12:48:24.320 [main] JavaSelenium: -- HandleDropdown --
[INFO ] 2024-03-25 12:48:31.958 [main] JavaSelenium: india
[INFO ] 2024-03-25 12:48:32.027 [main] JavaSelenium: australia
[INFO ] 2024-03-25 12:48:32.028 [main] JavaSelenium: -- HandleMultiDropdown --
[INFO ] 2024-03-25 12:48:37.851 [main] JavaSelenium: Numer of options: 5
[INFO ] 2024-03-25 12:48:37.936 [main] JavaSelenium: Value: Red
[INFO ] 2024-03-25 12:48:37.951 [main] JavaSelenium: Value: Blue
[INFO ] 2024-03-25 12:48:37.964 [main] JavaSelenium: Value: Green
[INFO ] 2024-03-25 12:48:37.978 [main] JavaSelenium: Value: White
[INFO ] 2024-03-25 12:48:37.978 [main] JavaSelenium: -- HandleBootstrapDropdown --
[INFO ] 2024-03-25 12:48:40.488 [main] JavaSelenium: Numer of options: 11
[INFO ] 2024-03-25 12:48:40.593 [main] JavaSelenium: HTML
[INFO ] 2024-03-25 12:48:40.671 [main] JavaSelenium: false
[INFO ] 2024-03-25 12:48:40.694 [main] JavaSelenium: CSS
[INFO ] 2024-03-25 12:48:40.775 [main] JavaSelenium: false
[INFO ] 2024-03-25 12:48:40.797 [main] JavaSelenium: Angular
[INFO ] 2024-03-25 12:48:40.860 [main] JavaSelenium: true
[INFO ] 2024-03-25 12:48:40.879 [main] JavaSelenium: Java
[INFO ] 2024-03-25 12:48:40.943 [main] JavaSelenium: true
[INFO ] 2024-03-25 12:48:40.995 [main] JavaSelenium: -- HandleAutoSuggestion --
[INFO ] 2024-03-25 12:48:45.311 [main] JavaSelenium: Number of options:20
[INFO ] 2024-03-25 12:48:45.331 [main] JavaSelenium: Delhi
[INFO ] 2024-03-25 12:48:45.344 [main] JavaSelenium: ISBT Kashmiri Gate
[INFO ] 2024-03-25 12:48:45.357 [main] JavaSelenium: Indira Gandhi International Airport
[INFO ] 2024-03-25 12:48:45.370 [main] JavaSelenium: Akshardham Metro Station
[INFO ] 2024-03-25 12:48:45.384 [main] JavaSelenium: Badarpur
[INFO ] 2024-03-25 12:48:45.398 [main] JavaSelenium: Mayur Vihar
[INFO ] 2024-03-25 12:48:45.410 [main] JavaSelenium: Dhaula Kuan
[INFO ] 2024-03-25 12:48:45.422 [main] JavaSelenium: Majnu Ka Tilla
[INFO ] 2024-03-25 12:48:45.434 [main] JavaSelenium: Morigate
[INFO ] 2024-03-25 12:48:45.447 [main] JavaSelenium: RK Ashram
[INFO ] 2024-03-25 12:48:45.603 [main] JavaSelenium: -- HandleHiddenItems --
[INFO ] 2024-03-25 12:48:51.147 [main] JavaSelenium: -- HandleDialogAlerts --
[INFO ] 2024-03-25 12:48:55.468 [main] JavaSelenium: I am an alert box!
[INFO ] 2024-03-25 12:48:57.547 [main] JavaSelenium: Press a button!
[INFO ] 2024-03-25 12:48:59.617 [main] JavaSelenium: Please enter your name:
[INFO ] 2024-03-25 12:49:01.640 [main] JavaSelenium: Hello JavaSE! How are you today?
[INFO ] 2024-03-25 12:49:01.641 [main] JavaSelenium: 1. Click Alert button!!
[INFO ] 2024-03-25 12:49:11.820 [main] JavaSelenium: -- HandleFramesiFrames --
[INFO ] 2024-03-25 12:49:15.723 [main] JavaSelenium: Number of frames: 5
[INFO ] 2024-03-25 12:49:18.471 [main] JavaSelenium: -- HandleWebTablePagination --
[INFO ] 2024-03-25 12:49:21.330 [main] JavaSelenium: Number of columns: 4
[INFO ] 2024-03-25 12:49:21.331 [main] JavaSelenium: Number of rows: 5
[INFO ] 2024-03-25 12:49:21.618 [main] JavaSelenium: [1, Product 1, $10.99, ]
[INFO ] 2024-03-25 12:49:21.665 [main] JavaSelenium: [1, Product 1, $10.99, , 2, Product 2, $19.99, ]
[INFO ] 2024-03-25 12:49:21.714 [main] JavaSelenium: [1, Product 1, $10.99, , 2, Product 2, $19.99, , 3, Product 3, $5.99, ]
[INFO ] 2024-03-25 12:49:21.762 [main] JavaSelenium: [1, Product 1, $10.99, , 2, Product 2, $19.99, , 3, Product 3, $5.99, , 4, Product 4, $7.99, ]
[INFO ] 2024-03-25 12:49:21.811 [main] JavaSelenium: [1, Product 1, $10.99, , 2, Product 2, $19.99, , 3, Product 3, $5.99, , 4, Product 4, $7.99, , 5, Product 5, $8.99, ]
[INFO ] 2024-03-25 12:49:21.840 [main] JavaSelenium: 1
[INFO ] 2024-03-25 12:49:21.927 [main] JavaSelenium: 1 Product 1 $10.99
[INFO ] 2024-03-25 12:49:21.943 [main] JavaSelenium: 2 Product 2 $19.99
[INFO ] 2024-03-25 12:49:21.959 [main] JavaSelenium: 3 Product 3 $5.99
[INFO ] 2024-03-25 12:49:21.974 [main] JavaSelenium: 4 Product 4 $7.99
[INFO ] 2024-03-25 12:49:21.991 [main] JavaSelenium: 5 Product 5 $8.99
[INFO ] 2024-03-25 12:49:22.005 [main] JavaSelenium: 2
[INFO ] 2024-03-25 12:49:22.080 [main] JavaSelenium: 6 Product 6 $9.99
[INFO ] 2024-03-25 12:49:22.097 [main] JavaSelenium: 7 Product 7 $20.99
[INFO ] 2024-03-25 12:49:22.113 [main] JavaSelenium: 8 Product 8 $15.99
[INFO ] 2024-03-25 12:49:22.131 [main] JavaSelenium: 9 Product 9 $5.99
[INFO ] 2024-03-25 12:49:22.147 [main] JavaSelenium: 10 Product 10 $16.99
[INFO ] 2024-03-25 12:49:22.161 [main] JavaSelenium: 3
[INFO ] 2024-03-25 12:49:22.240 [main] JavaSelenium: 11 Product 11 $20.99
[INFO ] 2024-03-25 12:49:22.264 [main] JavaSelenium: 12 Product 12 $24.99
[INFO ] 2024-03-25 12:49:22.280 [main] JavaSelenium: 13 Product 13 $30.99
[INFO ] 2024-03-25 12:49:22.296 [main] JavaSelenium: 14 Product 14 $19.99
[INFO ] 2024-03-25 12:49:22.313 [main] JavaSelenium: 15 Product 15 $2.99
[INFO ] 2024-03-25 12:49:22.325 [main] JavaSelenium: 4
[INFO ] 2024-03-25 12:49:22.401 [main] JavaSelenium: 16 Product 16 $10.99
[INFO ] 2024-03-25 12:49:22.416 [main] JavaSelenium: 17 Product 17 $11.99
[INFO ] 2024-03-25 12:49:22.432 [main] JavaSelenium: 18 Product 18 $13.99
[INFO ] 2024-03-25 12:49:22.448 [main] JavaSelenium: 19 Product 19 $16.99
[INFO ] 2024-03-25 12:49:22.464 [main] JavaSelenium: 20 Product 20 $17.99
[INFO ] 2024-03-25 12:49:22.464 [main] JavaSelenium: -- HandleDatePickers --
[INFO ] 2024-03-25 12:49:31.720 [main] JavaSelenium: -- HandleMouseActions --
[INFO ] 2024-03-25 12:49:45.588 [main] JavaSelenium: Text is: Hello World!
[INFO ] 2024-03-25 12:49:45.615 [main] JavaSelenium: Text is: Hello World!
[INFO ] 2024-03-25 12:49:45.905 [main] JavaSelenium: -- HandleKeyboardActions --
[INFO ] 2024-03-25 12:49:52.215 [main] JavaSelenium: -- HandleUploadFiles --
[WARN ] 2024-03-25 12:50:05.235 [main] JavaSelenium: -- [TIMEOUT] --
[INFO ] 2024-03-25 12:50:06.862 [main] JavaSelenium: "No Files Selected" = No Files Selected
[INFO ] 2024-03-25 12:50:07.333 [main] JavaSelenium: "sample1.txt" = sample1.txt
[INFO ] 2024-03-25 12:50:07.348 [main] JavaSelenium: "sample2.txt" = sample2.txt
[INFO ] 2024-03-25 12:50:07.349 [main] JavaSelenium: -- HandlePagesWindows --
[INFO ] 2024-03-25 12:50:08.962 [main] JavaSelenium: OrangeHRM
[INFO ] 2024-03-25 12:50:13.216 [main] JavaSelenium: Human Resources Management Software | OrangeHRM
[INFO ] 2024-03-25 12:50:16.740 [main] JavaSelenium: Google
[INFO ] 2024-03-25 12:50:18.828 [main] JavaSelenium: Original Window: C48194EA45172A901AADF17D026D8269
[INFO ] 2024-03-25 12:50:18.829 [main] JavaSelenium: Tab Window: 473A0EA429A0364F477948249AF9F8FC
[INFO ] 2024-03-25 12:50:18.831 [main] JavaSelenium: New Window: 1364141604E8CB17C22A3C3C55CBBDAA
[INFO ] 2024-03-25 12:50:18.838 [main] JavaSelenium: Number of Window(s): 2
[INFO ] 2024-03-25 12:50:21.941 [main] JavaSelenium: -- HandleMultiplePagesWindows --
[INFO ] 2024-03-25 12:50:23.378 [main] JavaSelenium: OrangeHRM
[INFO ] 2024-03-25 12:50:26.294 [main] JavaSelenium: Human Resources Management Software | OrangeHRM
[INFO ] 2024-03-25 12:50:27.206 [main] JavaSelenium: Google
[INFO ] 2024-03-25 12:50:27.209 [main] JavaSelenium: Original Window: C48194EA45172A901AADF17D026D8269
[INFO ] 2024-03-25 12:50:27.209 [main] JavaSelenium: Tab Window: 92FD2765EFD65EE957AB806B8FE9D24A
[INFO ] 2024-03-25 12:50:27.209 [main] JavaSelenium: New Window: 735522F561FE18882C9B771EF4F0F8F9
[INFO ] 2024-03-25 12:50:27.213 [main] JavaSelenium: Number of Window(s): 3
[INFO ] 2024-03-25 12:50:28.058 [main] JavaSelenium: -- HandleCaptureScreen --
[INFO ] 2024-03-25 12:50:30.816 [main] JavaSelenium: Directory already exists
[INFO ] 2024-03-25 12:50:30.816 [main] JavaSelenium: ./captures/window_20240325 125030.png
[INFO ] 2024-03-25 12:50:31.091 [main] JavaSelenium: ./captures/element_20240325 125030.png
[INFO ] 2024-03-25 12:50:31.192 [main] JavaSelenium: -- HandleUsingClass --
[INFO ] 2024-03-25 12:50:31.193 [main] JavaSelenium: 55
[INFO ] 2024-03-25 12:50:31.193 [main] JavaSelenium: 0
[INFO ] 2024-03-25 12:50:31.193 [main] JavaSelenium: 1
[INFO ] 2024-03-25 12:50:31.194 [main] JavaSelenium: 2
[INFO ] 2024-03-25 12:50:31.194 [main] JavaSelenium: 3
[INFO ] 2024-03-25 12:50:31.194 [main] JavaSelenium: 4
[INFO ] 2024-03-25 12:50:37.311 [main] JavaSelenium: -- CloseAndQuitBrowser --
[INFO ] 2024-03-25 12:50:41.289 [main] JavaSelenium: Thread: 1
[INFO ] 2024-03-25 12:50:41.291 [main] JavaSelenium: Time Elapsed: 00 hours, 02 mins, 29 seconds, 916 ms
[INFO ] 2024-03-26 08:41:29.450 [main] JavaSelenium: Start Execution: 2024/03/26 08:41:28
[INFO ] 2024-03-26 08:41:29.776 [main] JavaSelenium: C:\Users\archie\eclipse-workspace\JavaSE
[INFO ] 2024-03-26 08:41:31.915 [main] JavaSelenium: Using Chrome browser
[INFO ] 2024-03-26 08:41:31.922 [main] JavaSelenium: -- HandleInputandRadio --
[INFO ] 2024-03-26 08:41:37.609 [main] JavaSelenium: true
[INFO ] 2024-03-26 08:41:37.644 [main] JavaSelenium: true
[INFO ] 2024-03-26 08:41:37.661 [main] JavaSelenium: Current value: 
[INFO ] 2024-03-26 08:41:37.917 [main] JavaSelenium: Updated value: John
[INFO ] 2024-03-26 08:41:38.044 [main] JavaSelenium: Radiobutton false
[INFO ] 2024-03-26 08:41:51.612 [main] JavaSelenium: Start Execution: 2024/03/26 08:41:50
[INFO ] 2024-03-26 08:41:51.936 [main] JavaSelenium: C:\Users\archie\eclipse-workspace\JavaSE
[INFO ] 2024-03-26 08:41:54.060 [main] JavaSelenium: Using Chrome browser
[INFO ] 2024-03-26 08:41:54.070 [main] JavaSelenium: -- HandleUsingClass --
[INFO ] 2024-03-26 08:41:54.073 [main] JavaSelenium: 55
[INFO ] 2024-03-26 08:41:54.073 [main] JavaSelenium: 0
[INFO ] 2024-03-26 08:41:54.073 [main] JavaSelenium: 1
[INFO ] 2024-03-26 08:41:54.074 [main] JavaSelenium: 2
[INFO ] 2024-03-26 08:41:54.074 [main] JavaSelenium: 3
[INFO ] 2024-03-26 08:41:54.074 [main] JavaSelenium: 4
[INFO ] 2024-03-26 08:42:00.944 [main] JavaSelenium: -- CloseAndQuitBrowser --
[INFO ] 2024-03-26 08:42:04.678 [main] JavaSelenium: Thread: 1
[INFO ] 2024-03-26 08:42:04.679 [main] JavaSelenium: Time Elapsed: 00 hours, 00 mins, 13 seconds, 975 ms
[INFO ] 2024-03-26 08:42:29.174 [main] JavaSelenium: Start Execution: 2024/03/26 08:42:28
[INFO ] 2024-03-26 08:42:29.484 [main] JavaSelenium: C:\Users\archie\eclipse-workspace\JavaSE
[INFO ] 2024-03-26 08:42:31.649 [main] JavaSelenium: Using Chrome browser
[INFO ] 2024-03-26 08:42:31.656 [main] JavaSelenium: -- HandleUsingClass --
[INFO ] 2024-03-26 08:42:31.658 [main] JavaSelenium: 55
[INFO ] 2024-03-26 08:42:31.659 [main] JavaSelenium: 0
[INFO ] 2024-03-26 08:42:31.659 [main] JavaSelenium: 1
[INFO ] 2024-03-26 08:42:31.659 [main] JavaSelenium: 2
[INFO ] 2024-03-26 08:42:31.659 [main] JavaSelenium: 3
[INFO ] 2024-03-26 08:42:31.659 [main] JavaSelenium: 4
[INFO ] 2024-03-26 08:42:38.216 [main] JavaSelenium: -- CloseAndQuitBrowser --
[INFO ] 2024-03-26 11:48:17.807 [main] JavaSelenium: Start Execution: 2024/03/26 11:48:16
[INFO ] 2024-03-26 11:48:18.136 [main] JavaSelenium: C:\Users\archie\eclipse-workspace\JavaSE
[INFO ] 2024-03-26 11:48:20.393 [main] JavaSelenium: Using Chrome browser
[INFO ] 2024-03-26 11:48:20.401 [main] JavaSelenium: -- HandleInputandRadio --
[INFO ] 2024-03-26 11:48:26.783 [main] JavaSelenium: true
[INFO ] 2024-03-26 11:48:26.802 [main] JavaSelenium: true
[INFO ] 2024-03-26 11:48:26.820 [main] JavaSelenium: Current value: 
[INFO ] 2024-03-26 11:48:27.047 [main] JavaSelenium: Updated value: John
[INFO ] 2024-03-26 11:48:27.204 [main] JavaSelenium: Radiobutton false
[INFO ] 2024-03-26 11:48:27.328 [main] JavaSelenium: true
[INFO ] 2024-03-26 11:48:27.348 [main] JavaSelenium: false
[INFO ] 2024-03-26 11:48:27.480 [main] JavaSelenium: true
[INFO ] 2024-03-26 11:48:27.595 [main] JavaSelenium: Checkbox false
[INFO ] 2024-03-26 11:48:27.667 [main] JavaSelenium: true
[INFO ] 2024-03-26 11:48:27.680 [main] JavaSelenium: false
[INFO ] 2024-03-26 11:48:27.762 [main] JavaSelenium: true
[INFO ] 2024-03-26 11:48:29.988 [main] JavaSelenium: -- HandleDropdown --
[INFO ] 2024-03-26 11:48:39.005 [main] JavaSelenium: india
[INFO ] 2024-03-26 11:48:39.079 [main] JavaSelenium: australia
[INFO ] 2024-03-26 11:48:39.079 [main] JavaSelenium: -- HandleMultiDropdown --
[INFO ] 2024-03-26 11:48:45.049 [main] JavaSelenium: Numer of options: 5
[INFO ] 2024-03-26 11:48:45.133 [main] JavaSelenium: Value: Red
[INFO ] 2024-03-26 11:48:45.147 [main] JavaSelenium: Value: Blue
[INFO ] 2024-03-26 11:48:45.161 [main] JavaSelenium: Value: Green
[INFO ] 2024-03-26 11:48:45.176 [main] JavaSelenium: Value: White
[INFO ] 2024-03-26 11:48:45.177 [main] JavaSelenium: -- HandleBootstrapDropdown --
[INFO ] 2024-03-26 11:48:49.775 [main] JavaSelenium: Numer of options: 11
[INFO ] 2024-03-26 11:48:49.886 [main] JavaSelenium: HTML
[INFO ] 2024-03-26 11:48:49.967 [main] JavaSelenium: false
[INFO ] 2024-03-26 11:48:49.992 [main] JavaSelenium: CSS
[INFO ] 2024-03-26 11:48:50.066 [main] JavaSelenium: false
[INFO ] 2024-03-26 11:48:50.088 [main] JavaSelenium: Angular
[INFO ] 2024-03-26 11:48:50.151 [main] JavaSelenium: true
[INFO ] 2024-03-26 11:48:50.171 [main] JavaSelenium: Java
[INFO ] 2024-03-26 11:48:50.247 [main] JavaSelenium: true
[INFO ] 2024-03-26 11:48:50.295 [main] JavaSelenium: -- HandleAutoSuggestion --
[INFO ] 2024-03-26 11:48:55.306 [main] JavaSelenium: Number of options:20
[INFO ] 2024-03-26 11:48:55.330 [main] JavaSelenium: Delhi
[INFO ] 2024-03-26 11:48:55.347 [main] JavaSelenium: ISBT Kashmiri Gate
[INFO ] 2024-03-26 11:48:55.369 [main] JavaSelenium: Indira Gandhi International Airport
[INFO ] 2024-03-26 11:48:55.394 [main] JavaSelenium: Akshardham Metro Station
[INFO ] 2024-03-26 11:48:55.413 [main] JavaSelenium: Badarpur
[INFO ] 2024-03-26 11:48:55.429 [main] JavaSelenium: Mayur Vihar
[INFO ] 2024-03-26 11:48:55.443 [main] JavaSelenium: Dhaula Kuan
[INFO ] 2024-03-26 11:48:55.456 [main] JavaSelenium: Majnu Ka Tilla
[INFO ] 2024-03-26 11:48:55.472 [main] JavaSelenium: Morigate
[INFO ] 2024-03-26 11:48:55.489 [main] JavaSelenium: RK Ashram
[INFO ] 2024-03-26 11:48:55.671 [main] JavaSelenium: -- HandleHiddenItems --
[INFO ] 2024-03-26 11:49:00.554 [main] JavaSelenium: -- HandleDialogAlerts --
[INFO ] 2024-03-26 11:49:04.923 [main] JavaSelenium: I am an alert box!
[INFO ] 2024-03-26 11:49:06.992 [main] JavaSelenium: Press a button!
[INFO ] 2024-03-26 11:49:09.069 [main] JavaSelenium: Please enter your name:
[INFO ] 2024-03-26 11:49:11.091 [main] JavaSelenium: Hello JavaSE! How are you today?
[INFO ] 2024-03-26 11:49:11.091 [main] JavaSelenium: 1. Click Alert button!!
[INFO ] 2024-03-26 11:49:21.256 [main] JavaSelenium: -- HandleFramesiFrames --
[INFO ] 2024-03-26 11:49:24.834 [main] JavaSelenium: Number of frames: 5
[INFO ] 2024-03-26 11:49:27.627 [main] JavaSelenium: -- HandleWebTablePagination --
[INFO ] 2024-03-26 11:49:29.990 [main] JavaSelenium: Number of columns: 4
[INFO ] 2024-03-26 11:49:29.990 [main] JavaSelenium: Number of rows: 5
[INFO ] 2024-03-26 11:49:30.275 [main] JavaSelenium: [1, Product 1, $10.99, ]
[INFO ] 2024-03-26 11:49:30.324 [main] JavaSelenium: [1, Product 1, $10.99, , 2, Product 2, $19.99, ]
[INFO ] 2024-03-26 11:49:30.372 [main] JavaSelenium: [1, Product 1, $10.99, , 2, Product 2, $19.99, , 3, Product 3, $5.99, ]
[INFO ] 2024-03-26 11:49:30.420 [main] JavaSelenium: [1, Product 1, $10.99, , 2, Product 2, $19.99, , 3, Product 3, $5.99, , 4, Product 4, $7.99, ]
[INFO ] 2024-03-26 11:49:30.467 [main] JavaSelenium: [1, Product 1, $10.99, , 2, Product 2, $19.99, , 3, Product 3, $5.99, , 4, Product 4, $7.99, , 5, Product 5, $8.99, ]
[INFO ] 2024-03-26 11:49:30.496 [main] JavaSelenium: 1
[INFO ] 2024-03-26 11:49:30.583 [main] JavaSelenium: 1 Product 1 $10.99
[INFO ] 2024-03-26 11:49:30.598 [main] JavaSelenium: 2 Product 2 $19.99
[INFO ] 2024-03-26 11:49:30.614 [main] JavaSelenium: 3 Product 3 $5.99
[INFO ] 2024-03-26 11:49:30.630 [main] JavaSelenium: 4 Product 4 $7.99
[INFO ] 2024-03-26 11:49:30.648 [main] JavaSelenium: 5 Product 5 $8.99
[INFO ] 2024-03-26 11:49:30.661 [main] JavaSelenium: 2
[INFO ] 2024-03-26 11:49:30.736 [main] JavaSelenium: 6 Product 6 $9.99
[INFO ] 2024-03-26 11:49:30.753 [main] JavaSelenium: 7 Product 7 $20.99
[INFO ] 2024-03-26 11:49:30.770 [main] JavaSelenium: 8 Product 8 $15.99
[INFO ] 2024-03-26 11:49:30.787 [main] JavaSelenium: 9 Product 9 $5.99
[INFO ] 2024-03-26 11:49:30.806 [main] JavaSelenium: 10 Product 10 $16.99
[INFO ] 2024-03-26 11:49:30.821 [main] JavaSelenium: 3
[INFO ] 2024-03-26 11:49:30.913 [main] JavaSelenium: 11 Product 11 $20.99
[INFO ] 2024-03-26 11:49:30.934 [main] JavaSelenium: 12 Product 12 $24.99
[INFO ] 2024-03-26 11:49:30.951 [main] JavaSelenium: 13 Product 13 $30.99
[INFO ] 2024-03-26 11:49:30.966 [main] JavaSelenium: 14 Product 14 $19.99
[INFO ] 2024-03-26 11:49:30.982 [main] JavaSelenium: 15 Product 15 $2.99
[INFO ] 2024-03-26 11:49:30.994 [main] JavaSelenium: 4
[INFO ] 2024-03-26 11:49:31.069 [main] JavaSelenium: 16 Product 16 $10.99
[INFO ] 2024-03-26 11:49:31.084 [main] JavaSelenium: 17 Product 17 $11.99
[INFO ] 2024-03-26 11:49:31.100 [main] JavaSelenium: 18 Product 18 $13.99
[INFO ] 2024-03-26 11:49:31.115 [main] JavaSelenium: 19 Product 19 $16.99
[INFO ] 2024-03-26 11:49:31.132 [main] JavaSelenium: 20 Product 20 $17.99
[INFO ] 2024-03-26 11:49:31.132 [main] JavaSelenium: -- HandleDatePickers --
[INFO ] 2024-03-26 11:49:40.324 [main] JavaSelenium: -- HandleMouseActions --
[INFO ] 2024-03-26 11:49:55.029 [main] JavaSelenium: Text is: Hello World!
[INFO ] 2024-03-26 11:49:55.058 [main] JavaSelenium: Text is: Hello World!
[INFO ] 2024-03-26 11:49:55.357 [main] JavaSelenium: -- HandleKeyboardActions --
[INFO ] 2024-03-26 11:50:01.673 [main] JavaSelenium: -- HandleUploadFiles --
[WARN ] 2024-03-26 11:50:14.834 [main] JavaSelenium: -- [TIMEOUT] --
[INFO ] 2024-03-26 11:50:16.477 [main] JavaSelenium: "No Files Selected" = No Files Selected
[INFO ] 2024-03-26 11:50:16.632 [main] JavaSelenium: "sample1.txt" = sample1.txt
[INFO ] 2024-03-26 11:50:16.644 [main] JavaSelenium: "sample2.txt" = sample2.txt
[INFO ] 2024-03-26 11:50:16.645 [main] JavaSelenium: -- HandlePagesWindows --
[INFO ] 2024-03-26 11:50:18.289 [main] JavaSelenium: OrangeHRM
[INFO ] 2024-03-26 11:50:24.094 [main] JavaSelenium: Human Resources Management Software | OrangeHRM
[INFO ] 2024-03-26 11:50:26.012 [main] JavaSelenium: Google
[INFO ] 2024-03-26 11:50:28.091 [main] JavaSelenium: Original Window: E063401DED4DB79CBFB5A7E924758B62
[INFO ] 2024-03-26 11:50:28.091 [main] JavaSelenium: Tab Window: D5D54F759DF4305BE98FF00723AF755A
[INFO ] 2024-03-26 11:50:28.091 [main] JavaSelenium: New Window: 31FECFAF4D8B330EC11D5137BDDB9D65
[INFO ] 2024-03-26 11:50:28.100 [main] JavaSelenium: Number of Window(s): 2
[INFO ] 2024-03-26 11:50:31.201 [main] JavaSelenium: -- HandleMultiplePagesWindows --
[INFO ] 2024-03-26 11:50:32.635 [main] JavaSelenium: OrangeHRM
[INFO ] 2024-03-26 11:50:35.639 [main] JavaSelenium: Human Resources Management Software | OrangeHRM
[INFO ] 2024-03-26 11:50:36.563 [main] JavaSelenium: Google
[INFO ] 2024-03-26 11:50:36.566 [main] JavaSelenium: Original Window: E063401DED4DB79CBFB5A7E924758B62
[INFO ] 2024-03-26 11:50:36.566 [main] JavaSelenium: Tab Window: 2F44A250C7A32FBB460D63D8E2C398D1
[INFO ] 2024-03-26 11:50:36.567 [main] JavaSelenium: New Window: FC9E78664F5AB2EB733965B5E94AFEA7
[INFO ] 2024-03-26 11:50:36.570 [main] JavaSelenium: Number of Window(s): 3
[INFO ] 2024-03-26 11:50:37.366 [main] JavaSelenium: -- HandleCaptureScreen --
[INFO ] 2024-03-26 11:50:40.173 [main] JavaSelenium: Directory already exists
[INFO ] 2024-03-26 11:50:40.174 [main] JavaSelenium: ./captures/window_20240326 115040.png
[INFO ] 2024-03-26 11:50:40.495 [main] JavaSelenium: ./captures/element_20240326 115040.png
[INFO ] 2024-03-26 11:50:40.593 [main] JavaSelenium: -- HandleUsingClass --
[INFO ] 2024-03-26 11:50:40.595 [main] JavaSelenium: 55
[INFO ] 2024-03-26 11:50:40.595 [main] JavaSelenium: 0
[INFO ] 2024-03-26 11:50:40.595 [main] JavaSelenium: 1
[INFO ] 2024-03-26 11:50:40.596 [main] JavaSelenium: 2
[INFO ] 2024-03-26 11:50:40.596 [main] JavaSelenium: 3
[INFO ] 2024-03-26 11:50:40.596 [main] JavaSelenium: 4
[INFO ] 2024-03-26 11:50:46.821 [main] JavaSelenium: -- CloseAndQuitBrowser --
[INFO ] 2024-03-26 11:50:51.081 [main] JavaSelenium: Thread: 1
[INFO ] 2024-03-26 11:50:51.082 [main] JavaSelenium: Time Elapsed: 00 hours, 02 mins, 34 seconds, 238 ms
[INFO ] 2024-03-26 12:55:11.508 [TestNG-tests-1] JavaSelenium: Start Execution: 2024/03/26 12:55:11
[INFO ] 2024-03-26 12:55:11.508 [TestNG-tests-2] JavaSelenium: Start Execution: 2024/03/26 12:55:11
[INFO ] 2024-03-26 12:55:11.814 [TestNG-tests-1] JavaSelenium: C:\Users\archie\eclipse-workspace\JavaSE
[INFO ] 2024-03-26 12:55:11.814 [TestNG-tests-2] JavaSelenium: C:\Users\archie\eclipse-workspace\JavaSE
[INFO ] 2024-03-26 12:55:13.818 [TestNG-tests-1] JavaSelenium: Using Chrome browser
[INFO ] 2024-03-26 12:55:13.867 [TestNG-tests-1] JavaSelenium: -- HandleMultiplePagesWindows --
[INFO ] 2024-03-26 12:55:15.403 [TestNG-tests-2] JavaSelenium: Using MSEdge browser
[INFO ] 2024-03-26 12:55:15.421 [TestNG-tests-2] JavaSelenium: -- HandleMultiplePagesWindows --
[INFO ] 2024-03-26 12:55:19.110 [TestNG-tests-1] JavaSelenium: OrangeHRM
[INFO ] 2024-03-26 12:55:21.765 [TestNG-tests-2] JavaSelenium: OrangeHRM
[INFO ] 2024-03-26 12:55:22.519 [TestNG-tests-2] JavaSelenium: -- HandleUsingClass --
[INFO ] 2024-03-26 12:55:22.525 [TestNG-tests-2] JavaSelenium: 55
[INFO ] 2024-03-26 12:55:22.526 [TestNG-tests-2] JavaSelenium: 0
[INFO ] 2024-03-26 12:55:22.527 [TestNG-tests-2] JavaSelenium: 1
[INFO ] 2024-03-26 12:55:22.527 [TestNG-tests-2] JavaSelenium: 2
[INFO ] 2024-03-26 12:55:22.528 [TestNG-tests-2] JavaSelenium: 3
[INFO ] 2024-03-26 12:55:22.528 [TestNG-tests-2] JavaSelenium: 4
[INFO ] 2024-03-26 12:55:25.985 [TestNG-tests-1] JavaSelenium: Human Resources Management Software | OrangeHRM
[INFO ] 2024-03-26 12:55:28.384 [TestNG-tests-1] JavaSelenium: Google
[INFO ] 2024-03-26 12:55:28.388 [TestNG-tests-1] JavaSelenium: Original Window: C6E06BEF9CA2D4C0A83509A86A7440BB
[INFO ] 2024-03-26 12:55:28.388 [TestNG-tests-1] JavaSelenium: Tab Window: E3CE14CCCAE7286DBB4C652EFEB34F10
[INFO ] 2024-03-26 12:55:28.388 [TestNG-tests-1] JavaSelenium: New Window: 161FED30DE7885FF018432C34500D33D
[INFO ] 2024-03-26 12:55:28.396 [TestNG-tests-1] JavaSelenium: Number of Window(s): 3
[INFO ] 2024-03-26 12:55:29.810 [TestNG-tests-1] JavaSelenium: -- HandleUsingClass --
[INFO ] 2024-03-26 12:55:29.810 [TestNG-tests-1] JavaSelenium: 55
[INFO ] 2024-03-26 12:55:29.811 [TestNG-tests-1] JavaSelenium: 0
[INFO ] 2024-03-26 12:55:29.812 [TestNG-tests-1] JavaSelenium: 1
[INFO ] 2024-03-26 12:55:29.812 [TestNG-tests-1] JavaSelenium: 2
[INFO ] 2024-03-26 12:55:29.812 [TestNG-tests-1] JavaSelenium: 3
[INFO ] 2024-03-26 12:55:29.813 [TestNG-tests-1] JavaSelenium: 4
[INFO ] 2024-03-26 12:55:31.770 [TestNG-tests-2] JavaSelenium: -- CloseAndQuitBrowser --
[INFO ] 2024-03-26 12:55:36.410 [TestNG-tests-1] JavaSelenium: -- CloseAndQuitBrowser --
[INFO ] 2024-03-26 12:55:36.722 [TestNG-tests-2] JavaSelenium: Thread: 21
[INFO ] 2024-03-26 12:55:36.723 [TestNG-tests-2] JavaSelenium: Time Elapsed: 00 hours, 00 mins, 25 seconds, 232 ms
[INFO ] 2024-03-26 12:56:13.307 [TestNG-tests-1] JavaSelenium: Start Execution: 2024/03/26 12:56:13
[INFO ] 2024-03-26 12:56:13.307 [TestNG-tests-2] JavaSelenium: Start Execution: 2024/03/26 12:56:13
[INFO ] 2024-03-26 12:56:13.603 [TestNG-tests-1] JavaSelenium: C:\Users\archie\eclipse-workspace\JavaSE
[INFO ] 2024-03-26 12:56:13.603 [TestNG-tests-2] JavaSelenium: C:\Users\archie\eclipse-workspace\JavaSE
[INFO ] 2024-03-26 12:56:15.635 [TestNG-tests-1] JavaSelenium: Using Chrome browser
[INFO ] 2024-03-26 12:56:15.676 [TestNG-tests-1] JavaSelenium: -- HandleMultiplePagesWindows --
[INFO ] 2024-03-26 12:56:17.308 [TestNG-tests-2] JavaSelenium: Using MSEdge browser
[INFO ] 2024-03-26 12:56:17.316 [TestNG-tests-2] JavaSelenium: -- HandleMultiplePagesWindows --
[INFO ] 2024-03-26 12:56:20.673 [TestNG-tests-1] JavaSelenium: OrangeHRM
[INFO ] 2024-03-26 12:56:22.032 [TestNG-tests-2] JavaSelenium: OrangeHRM
[INFO ] 2024-03-26 12:56:25.948 [TestNG-tests-1] JavaSelenium: Human Resources Management Software | OrangeHRM
[INFO ] 2024-03-26 12:56:29.273 [TestNG-tests-2] JavaSelenium: Human Resources Management Software | OrangeHRM
[INFO ] 2024-03-26 12:56:29.573 [TestNG-tests-1] JavaSelenium: Google
[INFO ] 2024-03-26 12:56:29.579 [TestNG-tests-1] JavaSelenium: Original Window: 445A64E2A0B2334559915476F185E46A
[INFO ] 2024-03-26 12:56:29.579 [TestNG-tests-1] JavaSelenium: Tab Window: 53BA17F6EE37A289F5461DED07058B37
[INFO ] 2024-03-26 12:56:29.581 [TestNG-tests-1] JavaSelenium: New Window: BD02FD7C56BA1CFF4D39BA8217E3355C
[INFO ] 2024-03-26 12:56:29.617 [TestNG-tests-1] JavaSelenium: Number of Window(s): 3
[INFO ] 2024-03-26 12:56:31.600 [TestNG-tests-1] JavaSelenium: -- HandleUsingClass --
[INFO ] 2024-03-26 12:56:31.603 [TestNG-tests-1] JavaSelenium: 55
[INFO ] 2024-03-26 12:56:31.604 [TestNG-tests-1] JavaSelenium: 0
[INFO ] 2024-03-26 12:56:31.604 [TestNG-tests-1] JavaSelenium: 1
[INFO ] 2024-03-26 12:56:31.604 [TestNG-tests-1] JavaSelenium: 2
[INFO ] 2024-03-26 12:56:31.605 [TestNG-tests-1] JavaSelenium: 3
[INFO ] 2024-03-26 12:56:31.605 [TestNG-tests-1] JavaSelenium: 4
[INFO ] 2024-03-26 12:56:33.711 [TestNG-tests-2] JavaSelenium: Google
[INFO ] 2024-03-26 12:56:33.715 [TestNG-tests-2] JavaSelenium: Original Window: F85DAAD9A43A73B05BA414E7A3B06D33
[INFO ] 2024-03-26 12:56:33.715 [TestNG-tests-2] JavaSelenium: Tab Window: C1FA7B50FC8731521733BF4B971B5D45
[INFO ] 2024-03-26 12:56:33.715 [TestNG-tests-2] JavaSelenium: New Window: 0A2F9945627D11AC13EFAD0BD604CF2F
[INFO ] 2024-03-26 12:56:33.747 [TestNG-tests-2] JavaSelenium: Number of Window(s): 3
[INFO ] 2024-03-26 12:56:35.618 [TestNG-tests-2] JavaSelenium: -- HandleUsingClass --
[INFO ] 2024-03-26 12:56:35.619 [TestNG-tests-2] JavaSelenium: 55
[INFO ] 2024-03-26 12:56:35.619 [TestNG-tests-2] JavaSelenium: 0
[INFO ] 2024-03-26 12:56:35.619 [TestNG-tests-2] JavaSelenium: 1
[INFO ] 2024-03-26 12:56:35.619 [TestNG-tests-2] JavaSelenium: 2
[INFO ] 2024-03-26 12:56:35.620 [TestNG-tests-2] JavaSelenium: 3
[INFO ] 2024-03-26 12:56:35.620 [TestNG-tests-2] JavaSelenium: 4
[INFO ] 2024-03-26 12:56:39.444 [TestNG-tests-1] JavaSelenium: -- CloseAndQuitBrowser --
[INFO ] 2024-03-26 12:56:42.008 [TestNG-tests-2] JavaSelenium: -- CloseAndQuitBrowser --
[INFO ] 2024-03-26 12:56:44.228 [TestNG-tests-1] JavaSelenium: Thread: 20
[INFO ] 2024-03-26 12:56:44.230 [TestNG-tests-1] JavaSelenium: Time Elapsed: 00 hours, 00 mins, 30 seconds, 936 ms
[INFO ] 2024-03-26 12:56:45.120 [TestNG-tests-2] JavaSelenium: Thread: 21
[INFO ] 2024-03-26 12:56:45.121 [TestNG-tests-2] JavaSelenium: Time Elapsed: 00 hours, 00 mins, 31 seconds, 828 ms
[INFO ] 2024-03-26 13:06:06.754 [TestNG-tests-2] JavaSelenium: Start Execution: 2024/03/26 13:06:06
[INFO ] 2024-03-26 13:06:06.754 [TestNG-tests-1] JavaSelenium: Start Execution: 2024/03/26 13:06:06
[INFO ] 2024-03-26 13:06:07.052 [TestNG-tests-1] JavaSelenium: C:\Users\archie\eclipse-workspace\JavaSE
[INFO ] 2024-03-26 13:06:07.052 [TestNG-tests-2] JavaSelenium: C:\Users\archie\eclipse-workspace\JavaSE
[INFO ] 2024-03-26 13:06:09.114 [TestNG-tests-1] JavaSelenium: Using Chrome browser
[INFO ] 2024-03-26 13:06:09.165 [TestNG-tests-1] JavaSelenium: -- HandleMultiplePagesWindows --
[INFO ] 2024-03-26 13:06:10.359 [TestNG-tests-2] JavaSelenium: Using MSEdge browser
[INFO ] 2024-03-26 13:06:10.367 [TestNG-tests-2] JavaSelenium: -- HandleMultiplePagesWindows --
[INFO ] 2024-03-26 13:06:14.184 [TestNG-tests-1] JavaSelenium: OrangeHRM
[INFO ] 2024-03-26 13:06:16.261 [TestNG-tests-2] JavaSelenium: OrangeHRM
[INFO ] 2024-03-26 13:06:20.606 [TestNG-tests-1] JavaSelenium: Human Resources Management Software | OrangeHRM
[INFO ] 2024-03-26 13:06:22.566 [TestNG-tests-2] JavaSelenium: Human Resources Management Software | OrangeHRM
[INFO ] 2024-03-26 13:06:23.559 [TestNG-tests-1] JavaSelenium: Google
[INFO ] 2024-03-26 13:06:23.562 [TestNG-tests-1] JavaSelenium: Original Window: 619FEEFEA14F327EF6616C1388205429
[INFO ] 2024-03-26 13:06:23.563 [TestNG-tests-1] JavaSelenium: Tab Window: 9A5907168A6A4764661DA1625BAEE0DC
[INFO ] 2024-03-26 13:06:23.564 [TestNG-tests-1] JavaSelenium: New Window: 904D0211CDFCCC362E7CB1920FFF96E4
[INFO ] 2024-03-26 13:06:23.600 [TestNG-tests-1] JavaSelenium: Number of Window(s): 3
[INFO ] 2024-03-26 13:06:25.260 [TestNG-tests-2] JavaSelenium: Google
[INFO ] 2024-03-26 13:06:25.266 [TestNG-tests-2] JavaSelenium: Original Window: 9028BD5E11575919DC15939581BB4D81
[INFO ] 2024-03-26 13:06:25.266 [TestNG-tests-2] JavaSelenium: Tab Window: D349E5CF36D81AECB9A25284DF194F2C
[INFO ] 2024-03-26 13:06:25.267 [TestNG-tests-2] JavaSelenium: New Window: 320A0E34106C61945F38C8BC06EDF08F
[INFO ] 2024-03-26 13:06:25.280 [TestNG-tests-2] JavaSelenium: Number of Window(s): 3
[INFO ] 2024-03-26 13:06:25.872 [TestNG-tests-1] JavaSelenium: -- HandleUsingClass --
[INFO ] 2024-03-26 13:06:25.874 [TestNG-tests-1] JavaSelenium: 55
[INFO ] 2024-03-26 13:06:25.875 [TestNG-tests-1] JavaSelenium: 0
[INFO ] 2024-03-26 13:06:25.876 [TestNG-tests-1] JavaSelenium: 1
[INFO ] 2024-03-26 13:06:25.876 [TestNG-tests-1] JavaSelenium: 2
[INFO ] 2024-03-26 13:06:25.876 [TestNG-tests-1] JavaSelenium: 3
[INFO ] 2024-03-26 13:06:25.876 [TestNG-tests-1] JavaSelenium: 4
[INFO ] 2024-03-26 13:06:27.188 [TestNG-tests-2] JavaSelenium: -- HandleUsingClass --
[INFO ] 2024-03-26 13:06:27.188 [TestNG-tests-2] JavaSelenium: 55
[INFO ] 2024-03-26 13:06:27.188 [TestNG-tests-2] JavaSelenium: 0
[INFO ] 2024-03-26 13:06:27.188 [TestNG-tests-2] JavaSelenium: 1
[INFO ] 2024-03-26 13:06:27.189 [TestNG-tests-2] JavaSelenium: 2
[INFO ] 2024-03-26 13:06:27.189 [TestNG-tests-2] JavaSelenium: 3
[INFO ] 2024-03-26 13:06:27.189 [TestNG-tests-2] JavaSelenium: 4
[INFO ] 2024-03-26 13:06:28.322 [TestNG-tests-1] JavaSelenium: -- CloseAndQuitBrowser --
[INFO ] 2024-03-26 13:06:33.359 [TestNG-tests-1] JavaSelenium: Thread: 20
[INFO ] 2024-03-26 13:06:33.360 [TestNG-tests-1] JavaSelenium: Time Elapsed: 00 hours, 00 mins, 26 seconds, 621 ms
[INFO ] 2024-03-26 13:06:33.698 [TestNG-tests-2] JavaSelenium: -- CloseAndQuitBrowser --
[INFO ] 2024-03-26 13:06:36.808 [TestNG-tests-2] JavaSelenium: Thread: 21
[INFO ] 2024-03-26 13:06:36.809 [TestNG-tests-2] JavaSelenium: Time Elapsed: 00 hours, 00 mins, 30 seconds, 069 ms
[INFO ] 2024-03-26 13:15:39.044 [main] JavaSelenium: Start Execution: 2024/03/26 13:15:39
[INFO ] 2024-03-26 13:15:39.343 [main] JavaSelenium: C:\Users\archie\eclipse-workspace\JavaSE
[INFO ] 2024-03-26 13:15:41.274 [main] JavaSelenium: Using Chrome browser
[INFO ] 2024-03-26 13:15:41.318 [main] JavaSelenium: -- HandleMultiplePagesWindows --
[INFO ] 2024-03-26 13:15:46.289 [main] JavaSelenium: OrangeHRM
[INFO ] 2024-03-26 13:15:51.987 [main] JavaSelenium: Human Resources Management Software | OrangeHRM
[INFO ] 2024-03-26 13:15:53.823 [main] JavaSelenium: Google
[INFO ] 2024-03-26 13:15:53.828 [main] JavaSelenium: Original Window: 95DD349AE1A0C53CABB0FE11A873DE67
[INFO ] 2024-03-26 13:15:53.828 [main] JavaSelenium: Tab Window: EB7A00CD94E5479AF816EEEB1E94BB34
[INFO ] 2024-03-26 13:15:53.829 [main] JavaSelenium: New Window: E21263ECAAEF35D7AB653C27947C9E52
[INFO ] 2024-03-26 13:15:53.835 [main] JavaSelenium: Number of Window(s): 3
[INFO ] 2024-03-26 13:15:54.758 [main] JavaSelenium: -- HandleUsingClass --
[INFO ] 2024-03-26 13:15:54.761 [main] JavaSelenium: 55
[INFO ] 2024-03-26 13:15:54.761 [main] JavaSelenium: 0
[INFO ] 2024-03-26 13:15:54.761 [main] JavaSelenium: 1
[INFO ] 2024-03-26 13:15:54.761 [main] JavaSelenium: 2
[INFO ] 2024-03-26 13:15:54.762 [main] JavaSelenium: 3
[INFO ] 2024-03-26 13:15:54.762 [main] JavaSelenium: 4
[INFO ] 2024-03-26 13:16:01.067 [main] JavaSelenium: -- CloseAndQuitBrowser --
[INFO ] 2024-03-26 13:16:04.836 [main] JavaSelenium: Thread: 1
[INFO ] 2024-03-26 13:16:04.837 [main] JavaSelenium: Time Elapsed: 00 hours, 00 mins, 25 seconds, 807 ms
[INFO ] 2024-03-26 13:16:04.867 [main] JavaSelenium: Start Execution: 2024/03/26 13:16:04
[INFO ] 2024-03-26 13:16:04.868 [main] JavaSelenium: C:\Users\archie\eclipse-workspace\JavaSE
[INFO ] 2024-03-26 13:16:07.793 [main] JavaSelenium: Using MSEdge browser
[INFO ] 2024-03-26 13:16:07.800 [main] JavaSelenium: -- HandleMultiplePagesWindows --
[INFO ] 2024-03-26 13:16:12.618 [main] JavaSelenium: OrangeHRM
[INFO ] 2024-03-26 13:16:17.977 [main] JavaSelenium: Human Resources Management Software | OrangeHRM
[INFO ] 2024-03-26 13:16:20.337 [main] JavaSelenium: Google
[INFO ] 2024-03-26 13:16:20.340 [main] JavaSelenium: Original Window: A9289FDA3DBCD162539AB1F07BE8D0A1
[INFO ] 2024-03-26 13:16:20.340 [main] JavaSelenium: Tab Window: DEB97E88DD774C671693635B5B352C8E
[INFO ] 2024-03-26 13:16:20.340 [main] JavaSelenium: New Window: 48777E5C3FD0B66B6368540A982B682D
[INFO ] 2024-03-26 13:16:20.345 [main] JavaSelenium: Number of Window(s): 3
[INFO ] 2024-03-26 13:16:21.292 [main] JavaSelenium: -- HandleUsingClass --
[INFO ] 2024-03-26 13:16:21.293 [main] JavaSelenium: 55
[INFO ] 2024-03-26 13:16:21.293 [main] JavaSelenium: 0
[INFO ] 2024-03-26 13:16:21.293 [main] JavaSelenium: 1
[INFO ] 2024-03-26 13:16:21.294 [main] JavaSelenium: 2
[INFO ] 2024-03-26 13:16:21.294 [main] JavaSelenium: 3
[INFO ] 2024-03-26 13:16:21.294 [main] JavaSelenium: 4
[INFO ] 2024-03-26 13:16:27.916 [main] JavaSelenium: -- CloseAndQuitBrowser --
[INFO ] 2024-03-26 13:16:32.435 [main] JavaSelenium: Thread: 1
[INFO ] 2024-03-26 13:16:32.435 [main] JavaSelenium: Time Elapsed: 00 hours, 00 mins, 27 seconds, 567 ms
[INFO ] 2024-04-01 11:51:45.682 [main] JavaSelenium: Start Execution: 2024/04/01 11:51:45
[INFO ] 2024-04-01 11:51:46.026 [main] JavaSelenium: C:\Users\archie\eclipse-workspace\JavaSE
[INFO ] 2024-04-01 11:51:48.292 [main] JavaSelenium: Using Chrome browser
[INFO ] 2024-04-01 11:51:48.334 [main] JavaSelenium: -- HandleMultiplePagesWindows --
[INFO ] 2024-04-01 11:51:53.348 [main] JavaSelenium: OrangeHRM
[INFO ] 2024-04-01 11:51:59.285 [main] JavaSelenium: Human Resources Management Software | OrangeHRM
[INFO ] 2024-04-01 11:52:00.938 [main] JavaSelenium: Google
[INFO ] 2024-04-01 11:52:00.942 [main] JavaSelenium: Original Window: 2E3BBB9E8993F9C7A7BDA85F6F2A8C8A
[INFO ] 2024-04-01 11:52:00.942 [main] JavaSelenium: Tab Window: 68DB0E9971608127178BB3873B3303E8
[INFO ] 2024-04-01 11:52:00.943 [main] JavaSelenium: New Window: 170DC0A1ED58EC1B09C5396609FB2E05
[INFO ] 2024-04-01 11:52:00.949 [main] JavaSelenium: Number of Window(s): 3
[INFO ] 2024-04-01 11:52:01.845 [main] JavaSelenium: -- HandleUsingClass --
[INFO ] 2024-04-01 11:52:01.847 [main] JavaSelenium: 55
[INFO ] 2024-04-01 11:52:01.848 [main] JavaSelenium: 0
[INFO ] 2024-04-01 11:52:01.848 [main] JavaSelenium: 1
[INFO ] 2024-04-01 11:52:01.848 [main] JavaSelenium: 2
[INFO ] 2024-04-01 11:52:01.848 [main] JavaSelenium: 3
[INFO ] 2024-04-01 11:52:01.848 [main] JavaSelenium: 4
[INFO ] 2024-04-01 11:52:08.100 [main] JavaSelenium: -- CloseAndQuitBrowser --
[INFO ] 2024-04-01 11:52:11.854 [main] JavaSelenium: Thread: 1
[INFO ] 2024-04-01 11:52:11.855 [main] JavaSelenium: Time Elapsed: 00 hours, 00 mins, 26 seconds, 186 ms
[INFO ] 2024-04-01 11:52:11.889 [main] JavaSelenium: Start Execution: 2024/04/01 11:52:11
[INFO ] 2024-04-01 11:52:11.891 [main] JavaSelenium: C:\Users\archie\eclipse-workspace\JavaSE
[INFO ] 2024-04-01 11:52:13.490 [main] JavaSelenium: Using MSEdge browser
[INFO ] 2024-04-01 11:52:13.497 [main] JavaSelenium: -- HandleMultiplePagesWindows --
[INFO ] 2024-04-01 11:52:19.851 [main] JavaSelenium: OrangeHRM
[INFO ] 2024-04-01 11:52:25.741 [main] JavaSelenium: Human Resources Management Software | OrangeHRM
[INFO ] 2024-04-01 11:52:28.231 [main] JavaSelenium: Google
[INFO ] 2024-04-01 11:52:28.235 [main] JavaSelenium: Original Window: F81408FAFFCEDD5083D6B8B81C88DB4C
[INFO ] 2024-04-01 11:52:28.235 [main] JavaSelenium: Tab Window: A04A6B2E999968A61AE1BA4400F1392E
[INFO ] 2024-04-01 11:52:28.235 [main] JavaSelenium: New Window: E97BB7217B8CFB7E5D0CAE94179616B8
[INFO ] 2024-04-01 11:52:28.239 [main] JavaSelenium: Number of Window(s): 3
[INFO ] 2024-04-01 11:52:29.178 [main] JavaSelenium: -- HandleUsingClass --
[INFO ] 2024-04-01 11:52:29.179 [main] JavaSelenium: 55
[INFO ] 2024-04-01 11:52:29.180 [main] JavaSelenium: 0
[INFO ] 2024-04-01 11:52:29.180 [main] JavaSelenium: 1
[INFO ] 2024-04-01 11:52:29.180 [main] JavaSelenium: 2
[INFO ] 2024-04-01 11:52:29.180 [main] JavaSelenium: 3
[INFO ] 2024-04-01 11:52:29.180 [main] JavaSelenium: 4
[INFO ] 2024-04-01 11:52:35.811 [main] JavaSelenium: -- CloseAndQuitBrowser --
[INFO ] 2024-04-01 11:52:40.352 [main] JavaSelenium: Thread: 1
[INFO ] 2024-04-01 11:52:40.352 [main] JavaSelenium: Time Elapsed: 00 hours, 00 mins, 28 seconds, 463 ms
[INFO ] 2024-04-01 11:58:27.695 [main] JavaSelenium: Start Execution: 2024/04/01 11:58:27
[INFO ] 2024-04-01 11:58:27.990 [main] JavaSelenium: C:\Users\archie\eclipse-workspace\JavaSE
[INFO ] 2024-04-01 11:58:30.049 [main] JavaSelenium: Using Chrome browser
[INFO ] 2024-04-01 11:58:30.091 [main] JavaSelenium: -- HandleMultiplePagesWindows --
[INFO ] 2024-04-01 11:58:36.158 [main] JavaSelenium: OrangeHRM
[INFO ] 2024-04-01 11:58:41.811 [main] JavaSelenium: Human Resources Management Software | OrangeHRM
[INFO ] 2024-04-01 11:58:43.820 [main] JavaSelenium: Google
[INFO ] 2024-04-01 11:58:43.824 [main] JavaSelenium: Original Window: D613C5FBA4FD4E52D0239F837ED05733
[INFO ] 2024-04-01 11:58:43.824 [main] JavaSelenium: Tab Window: 7F66D599D4FF789C4A9AF12ECAF573E7
[INFO ] 2024-04-01 11:58:43.824 [main] JavaSelenium: New Window: DED4C6940B7BBCC5CF12BDC8E358FF19
[INFO ] 2024-04-01 11:58:43.830 [main] JavaSelenium: Number of Window(s): 3
[INFO ] 2024-04-01 11:58:44.769 [main] JavaSelenium: -- HandleUsingClass --
[INFO ] 2024-04-01 11:58:44.771 [main] JavaSelenium: 55
[INFO ] 2024-04-01 11:58:44.772 [main] JavaSelenium: 0
[INFO ] 2024-04-01 11:58:44.772 [main] JavaSelenium: 1
[INFO ] 2024-04-01 11:58:44.772 [main] JavaSelenium: 2
[INFO ] 2024-04-01 11:58:44.773 [main] JavaSelenium: 3
[INFO ] 2024-04-01 11:58:44.774 [main] JavaSelenium: 4
[INFO ] 2024-04-01 11:58:51.143 [main] JavaSelenium: -- CloseAndQuitBrowser --
[INFO ] 2024-04-01 11:58:54.933 [main] JavaSelenium: Thread: 1
[INFO ] 2024-04-01 11:58:54.934 [main] JavaSelenium: Time Elapsed: 00 hours, 00 mins, 27 seconds, 252 ms
[INFO ] 2024-04-01 11:58:54.969 [main] JavaSelenium: Start Execution: 2024/04/01 11:58:54
[INFO ] 2024-04-01 11:58:54.971 [main] JavaSelenium: C:\Users\archie\eclipse-workspace\JavaSE
[INFO ] 2024-04-01 11:58:56.374 [main] JavaSelenium: Using MSEdge browser
[INFO ] 2024-04-01 11:58:56.396 [main] JavaSelenium: -- HandleMultiplePagesWindows --
[INFO ] 2024-04-01 11:59:02.204 [main] JavaSelenium: OrangeHRM
[INFO ] 2024-04-01 11:59:07.924 [main] JavaSelenium: Human Resources Management Software | OrangeHRM
[INFO ] 2024-04-01 11:59:09.974 [main] JavaSelenium: Google
[INFO ] 2024-04-01 11:59:09.978 [main] JavaSelenium: Original Window: 7357A5CB7777F023C84DC03EB42E3C12
[INFO ] 2024-04-01 11:59:09.978 [main] JavaSelenium: Tab Window: 29696277499B432B2AA311BE5FF32221
[INFO ] 2024-04-01 11:59:09.978 [main] JavaSelenium: New Window: 404B3F25587442467390F93F16CE9764
[INFO ] 2024-04-01 11:59:09.984 [main] JavaSelenium: Number of Window(s): 3
[INFO ] 2024-04-01 11:59:11.238 [main] JavaSelenium: -- HandleUsingClass --
[INFO ] 2024-04-01 11:59:11.238 [main] JavaSelenium: 55
[INFO ] 2024-04-01 11:59:11.239 [main] JavaSelenium: 0
[INFO ] 2024-04-01 11:59:11.239 [main] JavaSelenium: 1
[INFO ] 2024-04-01 11:59:11.239 [main] JavaSelenium: 2
[INFO ] 2024-04-01 11:59:11.239 [main] JavaSelenium: 3
[INFO ] 2024-04-01 11:59:11.239 [main] JavaSelenium: 4
[INFO ] 2024-04-01 11:59:17.829 [main] JavaSelenium: -- CloseAndQuitBrowser --
[INFO ] 2024-04-01 11:59:22.364 [main] JavaSelenium: Thread: 1
[INFO ] 2024-04-01 11:59:22.365 [main] JavaSelenium: Time Elapsed: 00 hours, 00 mins, 27 seconds, 395 ms
